[91m2022-05-25 00:29:42 W/Net 3378109058: io.netty.channel.AbstractChannel$AnnotatedConnectException: Connection timed out: no further information: /163.177.89.195:443
io.netty.channel.AbstractChannel$AnnotatedConnectException: Connection timed out: no further information: /163.177.89.195:443
	Suppressed: kotlinx.coroutines.JobCancellationException: Parent job is Cancelling; job=JobImpl{Cancelled}@111b736f
	[CIRCULAR REFERENCE:io.netty.channel.AbstractChannel$AnnotatedConnectException: Connection timed out: no further information: /163.177.89.195:443]
	[CIRCULAR REFERENCE:kotlinx.coroutines.JobCancellationException: Parent job is Cancelling; job=JobImpl{Cancelled}@111b736f]
Caused by: java.net.ConnectException: Connection timed out: no further information
	at sun.nio.ch.SocketChannelImpl.checkConnect(Native Method)
	at sun.nio.ch.SocketChannelImpl.finishConnect(Unknown Source)
	at io.netty.channel.socket.nio.NioSocketChannel.doFinishConnect(NioSocketChannel.java:330)
	at io.netty.channel.nio.AbstractNioChannel$AbstractNioUnsafe.finishConnect(AbstractNioChannel.java:334)
	at io.netty.channel.nio.NioEventLoop.processSelectedKey(NioEventLoop.java:707)
	at io.netty.channel.nio.NioEventLoop.processSelectedKeysOptimized(NioEventLoop.java:655)
	at io.netty.channel.nio.NioEventLoop.processSelectedKeys(NioEventLoop.java:581)
	at io.netty.channel.nio.NioEventLoop.run(NioEventLoop.java:493)
	at io.netty.util.concurrent.SingleThreadEventExecutor$4.run(SingleThreadEventExecutor.java:989)
	at io.netty.util.internal.ThreadExecutorMap$2.run(ThreadExecutorMap.java:74)
	at io.netty.util.concurrent.FastThreadLocalRunnable.run(FastThreadLocalRunnable.java:30)
	at java.lang.Thread.run(Unknown Source)
[0m
[0m2022-05-25 00:30:06 V/Net 3378109058: Loading server list from cache.[0m
[92m2022-05-25 00:30:06 I/Net 3378109058: Server list: 163.177.30.25:443, 123.125.0.236:80, 111.206.99.88:80, 112.80.130.224:14000, 116.128.169.237:443, 220.194.118.230:80, 59.83.208.219:80, 123.125.0.214:443, msfwifi.3g.qq.com:8080, 157.148.54.73:8080.[0m
[92m2022-05-25 00:30:09 I/Net 3378109058: ECDH key is valid.[0m
[0m2022-05-25 00:30:09 V/Net 3378109058: Send: wtlogin.exchange_emp[0m
[0m2022-05-25 00:30:09 V/Net 3378109058: Recv: wtlogin.exchange_emp[0m
[0m2022-05-25 00:30:09 V/Net 3378109058: Send: StatSvc.register(online)[0m
[0m2022-05-25 00:30:09 V/Net 3378109058: Recv: StatSvc.register[0m
[0m2022-05-25 00:30:09 V/Net 3378109058: Loading BdhSession from cache file[0m
[92m2022-05-25 00:30:09 I/Net 3378109058: Syncing friend message history...[0m
[92m2022-05-25 00:30:09 I/Net 3378109058: Start loading friend list...[0m
[92m2022-05-25 00:30:09 I/Net 3378109058: Start loading stranger list...[0m
[0m2022-05-25 00:30:09 V/Net 3378109058: Send: StatSvc.GetDevLoginInfo(StatSvc.GetDevLoginInfo)[0m
[0m2022-05-25 00:30:09 V/Net 3378109058: Send: OidbSvc.0x496(OidbSvc.0x496)[0m
[0m2022-05-25 00:30:09 V/Net 3378109058: Send: OidbSvc.0x5d2_0(OidbSvc.0x5d2_0)[0m
[0m2022-05-25 00:30:09 V/Net 3378109058: Send: friendlist.getFriendGroupList(friendlist.getFriendGroupList)[0m
[0m2022-05-25 00:30:09 V/Net 3378109058: Recv: OidbSvc.0x496[0m
[92m2022-05-25 00:30:09 I/Net 3378109058: Start loading group list...[0m
[0m2022-05-25 00:30:09 V/Net 3378109058: Send: friendlist.GetTroopListReqV2(friendlist.GetTroopListReqV2)[0m
[0m2022-05-25 00:30:09 V/Net 3378109058: Recv: StatSvc.GetDevLoginInfo[0m
[0m2022-05-25 00:30:09 V/Net 3378109058: Recv: OidbSvc.0x5d2_0[0m
[92m2022-05-25 00:30:09 I/Net 3378109058: No OtherClient online.[0m
[92m2022-05-25 00:30:09 I/Net 3378109058: Successfully loaded stranger list: 3 in total[0m
[92m2022-05-25 00:30:09 I/Net 3378109058: Syncing friend message history: Success.[0m
[0m2022-05-25 00:30:09 V/Net 3378109058: Recv: friendlist.getFriendGroupList[0m
[0m2022-05-25 00:30:09 V/Net 3378109058: Loading friend list: 137/137[0m
[92m2022-05-25 00:30:09 I/Net 3378109058: Successfully loaded friend list: 137 in total[0m
[0m2022-05-25 00:30:09 V/Net 3378109058: Recv: friendlist.GetTroopListReqV2[0m
[0m2022-05-25 00:30:09 V/Net 3378109058: Send: friendlist.GetTroopMemberListReq(friendlist.GetTroopMemberListReq)[0m
[0m2022-05-25 00:30:09 V/Net 3378109058: Send: friendlist.GetTroopMemberListReq(friendlist.GetTroopMemberListReq)[0m
[0m2022-05-25 00:30:09 V/Net 3378109058: Send: friendlist.GetTroopMemberListReq(friendlist.GetTroopMemberListReq)[0m
[0m2022-05-25 00:30:09 V/Net 3378109058: Send: friendlist.GetTroopMemberListReq(friendlist.GetTroopMemberListReq)[0m
[0m2022-05-25 00:30:09 V/Net 3378109058: Send: friendlist.GetTroopMemberListReq(friendlist.GetTroopMemberListReq)[0m
[0m2022-05-25 00:30:09 V/Net 3378109058: Send: friendlist.GetTroopMemberListReq(friendlist.GetTroopMemberListReq)[0m
[0m2022-05-25 00:30:09 V/Net 3378109058: Send: friendlist.GetTroopMemberListReq(friendlist.GetTroopMemberListReq)[0m
[0m2022-05-25 00:30:09 V/Net 3378109058: Send: friendlist.GetTroopMemberListReq(friendlist.GetTroopMemberListReq)[0m
[0m2022-05-25 00:30:09 V/Net 3378109058: Send: friendlist.GetTroopMemberListReq(friendlist.GetTroopMemberListReq)[0m
[0m2022-05-25 00:30:09 V/Net 3378109058: Send: friendlist.GetTroopMemberListReq(friendlist.GetTroopMemberListReq)[0m
[0m2022-05-25 00:30:09 V/Net 3378109058: Send: friendlist.GetTroopMemberListReq(friendlist.GetTroopMemberListReq)[0m
[0m2022-05-25 00:30:09 V/Net 3378109058: Send: friendlist.GetTroopMemberListReq(friendlist.GetTroopMemberListReq)[0m
[0m2022-05-25 00:30:09 V/Net 3378109058: Send: friendlist.GetTroopMemberListReq(friendlist.GetTroopMemberListReq)[0m
[0m2022-05-25 00:30:09 V/Net 3378109058: Send: friendlist.GetTroopMemberListReq(friendlist.GetTroopMemberListReq)[0m
[0m2022-05-25 00:30:09 V/Net 3378109058: Send: friendlist.GetTroopMemberListReq(friendlist.GetTroopMemberListReq)[0m
[0m2022-05-25 00:30:09 V/Net 3378109058: Send: friendlist.GetTroopMemberListReq(friendlist.GetTroopMemberListReq)[0m
[0m2022-05-25 00:30:09 V/Net 3378109058: Send: friendlist.GetTroopMemberListReq(friendlist.GetTroopMemberListReq)[0m
[0m2022-05-25 00:30:09 V/Net 3378109058: Send: friendlist.GetTroopMemberListReq(friendlist.GetTroopMemberListReq)[0m
[0m2022-05-25 00:30:09 V/Net 3378109058: Send: friendlist.GetTroopMemberListReq(friendlist.GetTroopMemberListReq)[0m
[0m2022-05-25 00:30:09 V/Net 3378109058: Send: friendlist.GetTroopMemberListReq(friendlist.GetTroopMemberListReq)[0m
[0m2022-05-25 00:30:09 V/Net 3378109058: Send: friendlist.GetTroopMemberListReq(friendlist.GetTroopMemberListReq)[0m
[0m2022-05-25 00:30:09 V/Net 3378109058: Send: friendlist.GetTroopMemberListReq(friendlist.GetTroopMemberListReq)[0m
[0m2022-05-25 00:30:09 V/Net 3378109058: Send: friendlist.GetTroopMemberListReq(friendlist.GetTroopMemberListReq)[0m
[0m2022-05-25 00:30:09 V/Net 3378109058: Send: friendlist.GetTroopMemberListReq(friendlist.GetTroopMemberListReq)[0m
[0m2022-05-25 00:30:09 V/Net 3378109058: Send: friendlist.GetTroopMemberListReq(friendlist.GetTroopMemberListReq)[0m
[0m2022-05-25 00:30:09 V/Net 3378109058: Send: friendlist.GetTroopMemberListReq(friendlist.GetTroopMemberListReq)[0m
[0m2022-05-25 00:30:09 V/Net 3378109058: Send: friendlist.GetTroopMemberListReq(friendlist.GetTroopMemberListReq)[0m
[0m2022-05-25 00:30:09 V/Net 3378109058: Send: friendlist.GetTroopMemberListReq(friendlist.GetTroopMemberListReq)[0m
[0m2022-05-25 00:30:09 V/Net 3378109058: Send: friendlist.GetTroopMemberListReq(friendlist.GetTroopMemberListReq)[0m
[0m2022-05-25 00:30:09 V/Net 3378109058: Send: friendlist.GetTroopMemberListReq(friendlist.GetTroopMemberListReq)[0m
[0m2022-05-25 00:30:10 V/Net 3378109058: Recv: friendlist.GetTroopMemberListReq[0m
[0m2022-05-25 00:30:10 V/Net 3378109058: Recv: friendlist.GetTroopMemberListReq[0m
[0m2022-05-25 00:30:10 V/Net 3378109058: Send: friendlist.GetTroopMemberListReq(friendlist.GetTroopMemberListReq)[0m
[0m2022-05-25 00:30:10 V/Net 3378109058: Send: friendlist.GetTroopMemberListReq(friendlist.GetTroopMemberListReq)[0m
[0m2022-05-25 00:30:10 V/Net 3378109058: Recv: friendlist.GetTroopMemberListReq[0m
[0m2022-05-25 00:30:10 V/Net 3378109058: Send: friendlist.GetTroopMemberListReq(friendlist.GetTroopMemberListReq)[0m
[0m2022-05-25 00:30:10 V/Net 3378109058: Recv: friendlist.GetTroopMemberListReq[0m
[0m2022-05-25 00:30:10 V/Net 3378109058: Send: friendlist.GetTroopMemberListReq(friendlist.GetTroopMemberListReq)[0m
[0m2022-05-25 00:30:10 V/Net 3378109058: Recv: friendlist.GetTroopMemberListReq[0m
[0m2022-05-25 00:30:10 V/Net 3378109058: Send: friendlist.GetTroopMemberListReq(friendlist.GetTroopMemberListReq)[0m
[0m2022-05-25 00:30:10 V/Net 3378109058: Recv: friendlist.GetTroopMemberListReq[0m
[0m2022-05-25 00:30:10 V/Net 3378109058: Send: friendlist.GetTroopMemberListReq(friendlist.GetTroopMemberListReq)[0m
[0m2022-05-25 00:30:10 V/Net 3378109058: Recv: friendlist.GetTroopMemberListReq[0m
[0m2022-05-25 00:30:10 V/Net 3378109058: Recv: friendlist.GetTroopMemberListReq[0m
[0m2022-05-25 00:30:10 V/Net 3378109058: Send: friendlist.GetTroopMemberListReq(friendlist.GetTroopMemberListReq)[0m
[0m2022-05-25 00:30:10 V/Net 3378109058: Recv: friendlist.GetTroopMemberListReq[0m
[0m2022-05-25 00:30:10 V/Net 3378109058: Recv: friendlist.GetTroopMemberListReq[0m
[0m2022-05-25 00:30:10 V/Net 3378109058: Send: friendlist.GetTroopMemberListReq(friendlist.GetTroopMemberListReq)[0m
[0m2022-05-25 00:30:10 V/Net 3378109058: Send: friendlist.GetTroopMemberListReq(friendlist.GetTroopMemberListReq)[0m
[0m2022-05-25 00:30:10 V/Net 3378109058: Send: friendlist.GetTroopMemberListReq(friendlist.GetTroopMemberListReq)[0m
[0m2022-05-25 00:30:10 V/Net 3378109058: Recv: friendlist.GetTroopMemberListReq[0m
[0m2022-05-25 00:30:10 V/Net 3378109058: Send: friendlist.GetTroopMemberListReq(friendlist.GetTroopMemberListReq)[0m
[0m2022-05-25 00:30:10 V/Net 3378109058: Recv: friendlist.GetTroopMemberListReq[0m
[0m2022-05-25 00:30:10 V/Net 3378109058: Recv: friendlist.GetTroopMemberListReq[0m
[0m2022-05-25 00:30:10 V/Net 3378109058: Send: friendlist.GetTroopMemberListReq(friendlist.GetTroopMemberListReq)[0m
[0m2022-05-25 00:30:10 V/Net 3378109058: Send: friendlist.GetTroopMemberListReq(friendlist.GetTroopMemberListReq)[0m
[0m2022-05-25 00:30:10 V/Net 3378109058: Recv: friendlist.GetTroopMemberListReq[0m
[0m2022-05-25 00:30:10 V/Net 3378109058: Send: friendlist.GetTroopMemberListReq(friendlist.GetTroopMemberListReq)[0m
[0m2022-05-25 00:30:10 V/Net 3378109058: Recv: friendlist.GetTroopMemberListReq[0m
[0m2022-05-25 00:30:10 V/Net 3378109058: Send: friendlist.GetTroopMemberListReq(friendlist.GetTroopMemberListReq)[0m
[0m2022-05-25 00:30:10 V/Net 3378109058: Recv: friendlist.GetTroopMemberListReq[0m
[0m2022-05-25 00:30:10 V/Net 3378109058: Send: friendlist.GetTroopMemberListReq(friendlist.GetTroopMemberListReq)[0m
[0m2022-05-25 00:30:10 V/Net 3378109058: Send: friendlist.GetTroopMemberListReq(friendlist.GetTroopMemberListReq)[0m
[0m2022-05-25 00:30:10 V/Net 3378109058: Recv: friendlist.GetTroopMemberListReq[0m
[0m2022-05-25 00:30:10 V/Net 3378109058: Recv: friendlist.GetTroopMemberListReq[0m
[0m2022-05-25 00:30:10 V/Net 3378109058: Recv: friendlist.GetTroopMemberListReq[0m
[0m2022-05-25 00:30:10 V/Net 3378109058: Send: friendlist.GetTroopMemberListReq(friendlist.GetTroopMemberListReq)[0m
[0m2022-05-25 00:30:10 V/Net 3378109058: Send: friendlist.GetTroopMemberListReq(friendlist.GetTroopMemberListReq)[0m
[0m2022-05-25 00:30:10 V/Net 3378109058: Recv: friendlist.GetTroopMemberListReq[0m
[0m2022-05-25 00:30:10 V/Net 3378109058: Send: friendlist.GetTroopMemberListReq(friendlist.GetTroopMemberListReq)[0m
[0m2022-05-25 00:30:10 V/Net 3378109058: Recv: friendlist.GetTroopMemberListReq[0m
[0m2022-05-25 00:30:10 V/Net 3378109058: Send: friendlist.GetTroopMemberListReq(friendlist.GetTroopMemberListReq)[0m
[0m2022-05-25 00:30:10 V/Net 3378109058: Recv: friendlist.GetTroopMemberListReq[0m
[0m2022-05-25 00:30:10 V/Net 3378109058: Recv: friendlist.GetTroopMemberListReq[0m
[0m2022-05-25 00:30:10 V/Net 3378109058: Send: friendlist.GetTroopMemberListReq(friendlist.GetTroopMemberListReq)[0m
[0m2022-05-25 00:30:10 V/Net 3378109058: Send: friendlist.GetTroopMemberListReq(friendlist.GetTroopMemberListReq)[0m
[0m2022-05-25 00:30:10 V/Net 3378109058: Recv: friendlist.GetTroopMemberListReq[0m
[0m2022-05-25 00:30:10 V/Net 3378109058: Recv: friendlist.GetTroopMemberListReq[0m
[0m2022-05-25 00:30:10 V/Net 3378109058: Send: friendlist.GetTroopMemberListReq(friendlist.GetTroopMemberListReq)[0m
[0m2022-05-25 00:30:10 V/Net 3378109058: Send: friendlist.GetTroopMemberListReq(friendlist.GetTroopMemberListReq)[0m
[0m2022-05-25 00:30:10 V/Net 3378109058: Recv: friendlist.GetTroopMemberListReq[0m
[0m2022-05-25 00:30:10 V/Net 3378109058: Send: friendlist.GetTroopMemberListReq(friendlist.GetTroopMemberListReq)[0m
[0m2022-05-25 00:30:10 V/Net 3378109058: Recv: friendlist.GetTroopMemberListReq[0m
[0m2022-05-25 00:30:10 V/Net 3378109058: Recv: friendlist.GetTroopMemberListReq[0m
[0m2022-05-25 00:30:10 V/Net 3378109058: Send: friendlist.GetTroopMemberListReq(friendlist.GetTroopMemberListReq)[0m
[0m2022-05-25 00:30:10 V/Net 3378109058: Send: friendlist.GetTroopMemberListReq(friendlist.GetTroopMemberListReq)[0m
[0m2022-05-25 00:30:10 V/Net 3378109058: Recv: friendlist.GetTroopMemberListReq[0m
[0m2022-05-25 00:30:10 V/Net 3378109058: Send: friendlist.GetTroopMemberListReq(friendlist.GetTroopMemberListReq)[0m
[0m2022-05-25 00:30:10 V/Net 3378109058: Recv: friendlist.GetTroopMemberListReq[0m
[0m2022-05-25 00:30:10 V/Net 3378109058: Recv: friendlist.GetTroopMemberListReq[0m
[0m2022-05-25 00:30:10 V/Net 3378109058: Send: friendlist.GetTroopMemberListReq(friendlist.GetTroopMemberListReq)[0m
[0m2022-05-25 00:30:10 V/Net 3378109058: Send: friendlist.GetTroopMemberListReq(friendlist.GetTroopMemberListReq)[0m
[0m2022-05-25 00:30:10 V/Net 3378109058: Recv: friendlist.GetTroopMemberListReq[0m
[0m2022-05-25 00:30:10 V/Net 3378109058: Send: friendlist.GetTroopMemberListReq(friendlist.GetTroopMemberListReq)[0m
[0m2022-05-25 00:30:10 V/Net 3378109058: Recv: friendlist.GetTroopMemberListReq[0m
[0m2022-05-25 00:30:10 V/Net 3378109058: Recv: friendlist.GetTroopMemberListReq[0m
[0m2022-05-25 00:30:10 V/Net 3378109058: Recv: friendlist.GetTroopMemberListReq[0m
[0m2022-05-25 00:30:10 V/Net 3378109058: Send: friendlist.GetTroopMemberListReq(friendlist.GetTroopMemberListReq)[0m
[0m2022-05-25 00:30:10 V/Net 3378109058: Send: friendlist.GetTroopMemberListReq(friendlist.GetTroopMemberListReq)[0m
[0m2022-05-25 00:30:10 V/Net 3378109058: Send: friendlist.GetTroopMemberListReq(friendlist.GetTroopMemberListReq)[0m
[0m2022-05-25 00:30:10 V/Net 3378109058: Recv: friendlist.GetTroopMemberListReq[0m
[0m2022-05-25 00:30:10 V/Net 3378109058: Send: friendlist.GetTroopMemberListReq(friendlist.GetTroopMemberListReq)[0m
[0m2022-05-25 00:30:10 V/Net 3378109058: Recv: friendlist.GetTroopMemberListReq[0m
[0m2022-05-25 00:30:10 V/Net 3378109058: Send: friendlist.GetTroopMemberListReq(friendlist.GetTroopMemberListReq)[0m
[0m2022-05-25 00:30:10 V/Net 3378109058: Recv: friendlist.GetTroopMemberListReq[0m
[0m2022-05-25 00:30:10 V/Net 3378109058: Recv: friendlist.GetTroopMemberListReq[0m
[0m2022-05-25 00:30:10 V/Net 3378109058: Send: friendlist.GetTroopMemberListReq(friendlist.GetTroopMemberListReq)[0m
[0m2022-05-25 00:30:10 V/Net 3378109058: Send: friendlist.GetTroopMemberListReq(friendlist.GetTroopMemberListReq)[0m
[0m2022-05-25 00:30:10 V/Net 3378109058: Recv: friendlist.GetTroopMemberListReq[0m
[0m2022-05-25 00:30:10 V/Net 3378109058: Recv: friendlist.GetTroopMemberListReq[0m
[0m2022-05-25 00:30:10 V/Net 3378109058: Recv: friendlist.GetTroopMemberListReq[0m
[0m2022-05-25 00:30:10 V/Net 3378109058: Send: friendlist.GetTroopMemberListReq(friendlist.GetTroopMemberListReq)[0m
[0m2022-05-25 00:30:10 V/Net 3378109058: Send: friendlist.GetTroopMemberListReq(friendlist.GetTroopMemberListReq)[0m
[0m2022-05-25 00:30:10 V/Net 3378109058: Send: friendlist.GetTroopMemberListReq(friendlist.GetTroopMemberListReq)[0m
[0m2022-05-25 00:30:10 V/Net 3378109058: Recv: friendlist.GetTroopMemberListReq[0m
[0m2022-05-25 00:30:10 V/Net 3378109058: Send: friendlist.GetTroopMemberListReq(friendlist.GetTroopMemberListReq)[0m
[0m2022-05-25 00:30:10 V/Net 3378109058: Recv: friendlist.GetTroopMemberListReq[0m
[0m2022-05-25 00:30:10 V/Net 3378109058: Send: friendlist.GetTroopMemberListReq(friendlist.GetTroopMemberListReq)[0m
[0m2022-05-25 00:30:10 V/Net 3378109058: Recv: friendlist.GetTroopMemberListReq[0m
[0m2022-05-25 00:30:10 V/Net 3378109058: Send: friendlist.GetTroopMemberListReq(friendlist.GetTroopMemberListReq)[0m
[0m2022-05-25 00:30:10 V/Net 3378109058: Recv: friendlist.GetTroopMemberListReq[0m
[0m2022-05-25 00:30:10 V/Net 3378109058: Send: friendlist.GetTroopMemberListReq(friendlist.GetTroopMemberListReq)[0m
[0m2022-05-25 00:30:10 V/Net 3378109058: Recv: friendlist.GetTroopMemberListReq[0m
[0m2022-05-25 00:30:10 V/Net 3378109058: Send: friendlist.GetTroopMemberListReq(friendlist.GetTroopMemberListReq)[0m
[0m2022-05-25 00:30:10 V/Net 3378109058: Recv: friendlist.GetTroopMemberListReq[0m
[0m2022-05-25 00:30:10 V/Net 3378109058: Send: friendlist.GetTroopMemberListReq(friendlist.GetTroopMemberListReq)[0m
[0m2022-05-25 00:30:10 V/Net 3378109058: Recv: friendlist.GetTroopMemberListReq[0m
[0m2022-05-25 00:30:10 V/Net 3378109058: Send: friendlist.GetTroopMemberListReq(friendlist.GetTroopMemberListReq)[0m
[0m2022-05-25 00:30:10 V/Net 3378109058: Recv: friendlist.GetTroopMemberListReq[0m
[0m2022-05-25 00:30:10 V/Net 3378109058: Send: friendlist.GetTroopMemberListReq(friendlist.GetTroopMemberListReq)[0m
[0m2022-05-25 00:30:10 V/Net 3378109058: Recv: friendlist.GetTroopMemberListReq[0m
[0m2022-05-25 00:30:10 V/Net 3378109058: Recv: friendlist.GetTroopMemberListReq[0m
[0m2022-05-25 00:30:10 V/Net 3378109058: Send: friendlist.GetTroopMemberListReq(friendlist.GetTroopMemberListReq)[0m
[0m2022-05-25 00:30:10 V/Net 3378109058: Send: friendlist.GetTroopMemberListReq(friendlist.GetTroopMemberListReq)[0m
[0m2022-05-25 00:30:10 V/Net 3378109058: Recv: friendlist.GetTroopMemberListReq[0m
[0m2022-05-25 00:30:10 V/Net 3378109058: Send: friendlist.GetTroopMemberListReq(friendlist.GetTroopMemberListReq)[0m
[0m2022-05-25 00:30:10 V/Net 3378109058: Recv: friendlist.GetTroopMemberListReq[0m
[0m2022-05-25 00:30:10 V/Net 3378109058: Send: friendlist.GetTroopMemberListReq(friendlist.GetTroopMemberListReq)[0m
[0m2022-05-25 00:30:10 V/Net 3378109058: Recv: friendlist.GetTroopMemberListReq[0m
[0m2022-05-25 00:30:10 V/Net 3378109058: Send: friendlist.GetTroopMemberListReq(friendlist.GetTroopMemberListReq)[0m
[0m2022-05-25 00:30:10 V/Net 3378109058: Recv: friendlist.GetTroopMemberListReq[0m
[0m2022-05-25 00:30:10 V/Net 3378109058: Send: friendlist.GetTroopMemberListReq(friendlist.GetTroopMemberListReq)[0m
[0m2022-05-25 00:30:10 V/Net 3378109058: Recv: friendlist.GetTroopMemberListReq[0m
[0m2022-05-25 00:30:10 V/Net 3378109058: Send: friendlist.GetTroopMemberListReq(friendlist.GetTroopMemberListReq)[0m
[0m2022-05-25 00:30:10 V/Net 3378109058: Recv: friendlist.GetTroopMemberListReq[0m
[0m2022-05-25 00:30:10 V/Net 3378109058: Send: friendlist.GetTroopMemberListReq(friendlist.GetTroopMemberListReq)[0m
[0m2022-05-25 00:30:10 V/Net 3378109058: Recv: friendlist.GetTroopMemberListReq[0m
[0m2022-05-25 00:30:10 V/Net 3378109058: Recv: friendlist.GetTroopMemberListReq[0m
[0m2022-05-25 00:30:10 V/Net 3378109058: Send: friendlist.GetTroopMemberListReq(friendlist.GetTroopMemberListReq)[0m
[0m2022-05-25 00:30:10 V/Net 3378109058: Send: friendlist.GetTroopMemberListReq(friendlist.GetTroopMemberListReq)[0m
[0m2022-05-25 00:30:10 V/Net 3378109058: Recv: friendlist.GetTroopMemberListReq[0m
[0m2022-05-25 00:30:10 V/Net 3378109058: Recv: friendlist.GetTroopMemberListReq[0m
[0m2022-05-25 00:30:10 V/Net 3378109058: Send: friendlist.GetTroopMemberListReq(friendlist.GetTroopMemberListReq)[0m
[0m2022-05-25 00:30:10 V/Net 3378109058: Send: friendlist.GetTroopMemberListReq(friendlist.GetTroopMemberListReq)[0m
[0m2022-05-25 00:30:10 V/Net 3378109058: Recv: friendlist.GetTroopMemberListReq[0m
[0m2022-05-25 00:30:10 V/Net 3378109058: Send: friendlist.GetTroopMemberListReq(friendlist.GetTroopMemberListReq)[0m
[0m2022-05-25 00:30:10 V/Net 3378109058: Recv: friendlist.GetTroopMemberListReq[0m
[0m2022-05-25 00:30:10 V/Net 3378109058: Send: friendlist.GetTroopMemberListReq(friendlist.GetTroopMemberListReq)[0m
[0m2022-05-25 00:30:10 V/Net 3378109058: Recv: friendlist.GetTroopMemberListReq[0m
[0m2022-05-25 00:30:10 V/Net 3378109058: Send: friendlist.GetTroopMemberListReq(friendlist.GetTroopMemberListReq)[0m
[0m2022-05-25 00:30:10 V/Net 3378109058: Recv: friendlist.GetTroopMemberListReq[0m
[0m2022-05-25 00:30:10 V/Net 3378109058: Send: friendlist.GetTroopMemberListReq(friendlist.GetTroopMemberListReq)[0m
[0m2022-05-25 00:30:10 V/Net 3378109058: Recv: friendlist.GetTroopMemberListReq[0m
[0m2022-05-25 00:30:10 V/Net 3378109058: Send: friendlist.GetTroopMemberListReq(friendlist.GetTroopMemberListReq)[0m
[0m2022-05-25 00:30:10 V/Net 3378109058: Recv: friendlist.GetTroopMemberListReq[0m
[0m2022-05-25 00:30:10 V/Net 3378109058: Send: friendlist.GetTroopMemberListReq(friendlist.GetTroopMemberListReq)[0m
[0m2022-05-25 00:30:10 V/Net 3378109058: Recv: friendlist.GetTroopMemberListReq[0m
[0m2022-05-25 00:30:10 V/Net 3378109058: Send: friendlist.GetTroopMemberListReq(friendlist.GetTroopMemberListReq)[0m
[0m2022-05-25 00:30:10 V/Net 3378109058: Recv: friendlist.GetTroopMemberListReq[0m
[0m2022-05-25 00:30:10 V/Net 3378109058: Recv: friendlist.GetTroopMemberListReq[0m
[0m2022-05-25 00:30:10 V/Net 3378109058: Recv: friendlist.GetTroopMemberListReq[0m
[0m2022-05-25 00:30:10 V/Net 3378109058: Recv: friendlist.GetTroopMemberListReq[0m
[0m2022-05-25 00:30:10 V/Net 3378109058: Send: friendlist.GetTroopMemberListReq(friendlist.GetTroopMemberListReq)[0m
[0m2022-05-25 00:30:10 V/Net 3378109058: Send: friendlist.GetTroopMemberListReq(friendlist.GetTroopMemberListReq)[0m
[0m2022-05-25 00:30:10 V/Net 3378109058: Send: friendlist.GetTroopMemberListReq(friendlist.GetTroopMemberListReq)[0m
[0m2022-05-25 00:30:10 V/Net 3378109058: Send: friendlist.GetTroopMemberListReq(friendlist.GetTroopMemberListReq)[0m
[0m2022-05-25 00:30:10 V/Net 3378109058: Recv: friendlist.GetTroopMemberListReq[0m
[0m2022-05-25 00:30:10 V/Net 3378109058: Send: friendlist.GetTroopMemberListReq(friendlist.GetTroopMemberListReq)[0m
[0m2022-05-25 00:30:10 V/Net 3378109058: Recv: friendlist.GetTroopMemberListReq[0m
[0m2022-05-25 00:30:10 V/Net 3378109058: Send: friendlist.GetTroopMemberListReq(friendlist.GetTroopMemberListReq)[0m
[0m2022-05-25 00:30:10 V/Net 3378109058: Recv: friendlist.GetTroopMemberListReq[0m
[0m2022-05-25 00:30:10 V/Net 3378109058: Send: friendlist.GetTroopMemberListReq(friendlist.GetTroopMemberListReq)[0m
[0m2022-05-25 00:30:10 V/Net 3378109058: Recv: friendlist.GetTroopMemberListReq[0m
[0m2022-05-25 00:30:10 V/Net 3378109058: Send: friendlist.GetTroopMemberListReq(friendlist.GetTroopMemberListReq)[0m
[0m2022-05-25 00:30:10 V/Net 3378109058: Recv: friendlist.GetTroopMemberListReq[0m
[0m2022-05-25 00:30:10 V/Net 3378109058: Recv: friendlist.GetTroopMemberListReq[0m
[0m2022-05-25 00:30:10 V/Net 3378109058: Send: friendlist.GetTroopMemberListReq(friendlist.GetTroopMemberListReq)[0m
[0m2022-05-25 00:30:10 V/Net 3378109058: Send: friendlist.GetTroopMemberListReq(friendlist.GetTroopMemberListReq)[0m
[0m2022-05-25 00:30:10 V/Net 3378109058: Recv: friendlist.GetTroopMemberListReq[0m
[0m2022-05-25 00:30:10 V/Net 3378109058: Recv: friendlist.GetTroopMemberListReq[0m
[0m2022-05-25 00:30:10 V/Net 3378109058: Send: friendlist.GetTroopMemberListReq(friendlist.GetTroopMemberListReq)[0m
[0m2022-05-25 00:30:10 V/Net 3378109058: Recv: friendlist.GetTroopMemberListReq[0m
[0m2022-05-25 00:30:10 V/Net 3378109058: Send: friendlist.GetTroopMemberListReq(friendlist.GetTroopMemberListReq)[0m
[0m2022-05-25 00:30:10 V/Net 3378109058: Send: friendlist.GetTroopMemberListReq(friendlist.GetTroopMemberListReq)[0m
[0m2022-05-25 00:30:10 V/Net 3378109058: Recv: friendlist.GetTroopMemberListReq[0m
[0m2022-05-25 00:30:10 V/Net 3378109058: Send: friendlist.GetTroopMemberListReq(friendlist.GetTroopMemberListReq)[0m
[0m2022-05-25 00:30:10 V/Net 3378109058: Recv: friendlist.GetTroopMemberListReq[0m
[0m2022-05-25 00:30:10 V/Net 3378109058: Send: friendlist.GetTroopMemberListReq(friendlist.GetTroopMemberListReq)[0m
[0m2022-05-25 00:30:10 V/Net 3378109058: Recv: friendlist.GetTroopMemberListReq[0m
[0m2022-05-25 00:30:10 V/Net 3378109058: Send: friendlist.GetTroopMemberListReq(friendlist.GetTroopMemberListReq)[0m
[0m2022-05-25 00:30:10 V/Net 3378109058: Recv: friendlist.GetTroopMemberListReq[0m
[0m2022-05-25 00:30:10 V/Net 3378109058: Send: friendlist.GetTroopMemberListReq(friendlist.GetTroopMemberListReq)[0m
[0m2022-05-25 00:30:10 V/Net 3378109058: Recv: friendlist.GetTroopMemberListReq[0m
[0m2022-05-25 00:30:10 V/Net 3378109058: Send: friendlist.GetTroopMemberListReq(friendlist.GetTroopMemberListReq)[0m
[0m2022-05-25 00:30:10 V/Net 3378109058: Recv: friendlist.GetTroopMemberListReq[0m
[0m2022-05-25 00:30:10 V/Net 3378109058: Send: friendlist.GetTroopMemberListReq(friendlist.GetTroopMemberListReq)[0m
[0m2022-05-25 00:30:10 V/Net 3378109058: Recv: friendlist.GetTroopMemberListReq[0m
[0m2022-05-25 00:30:10 V/Net 3378109058: Send: friendlist.GetTroopMemberListReq(friendlist.GetTroopMemberListReq)[0m
[0m2022-05-25 00:30:10 V/Net 3378109058: Recv: friendlist.GetTroopMemberListReq[0m
[0m2022-05-25 00:30:10 V/Net 3378109058: Send: friendlist.GetTroopMemberListReq(friendlist.GetTroopMemberListReq)[0m
[0m2022-05-25 00:30:10 V/Net 3378109058: Recv: friendlist.GetTroopMemberListReq[0m
[0m2022-05-25 00:30:10 V/Net 3378109058: Send: friendlist.GetTroopMemberListReq(friendlist.GetTroopMemberListReq)[0m
[0m2022-05-25 00:30:10 V/Net 3378109058: Recv: friendlist.GetTroopMemberListReq[0m
[0m2022-05-25 00:30:10 V/Net 3378109058: Send: friendlist.GetTroopMemberListReq(friendlist.GetTroopMemberListReq)[0m
[0m2022-05-25 00:30:10 V/Net 3378109058: Recv: friendlist.GetTroopMemberListReq[0m
[0m2022-05-25 00:30:10 V/Net 3378109058: Send: friendlist.GetTroopMemberListReq(friendlist.GetTroopMemberListReq)[0m
[0m2022-05-25 00:30:10 V/Net 3378109058: Recv: friendlist.GetTroopMemberListReq[0m
[0m2022-05-25 00:30:10 V/Net 3378109058: Recv: friendlist.GetTroopMemberListReq[0m
[0m2022-05-25 00:30:10 V/Net 3378109058: Send: friendlist.GetTroopMemberListReq(friendlist.GetTroopMemberListReq)[0m
[0m2022-05-25 00:30:10 V/Net 3378109058: Send: friendlist.GetTroopMemberListReq(friendlist.GetTroopMemberListReq)[0m
[0m2022-05-25 00:30:10 V/Net 3378109058: Recv: friendlist.GetTroopMemberListReq[0m
[0m2022-05-25 00:30:10 V/Net 3378109058: Send: friendlist.GetTroopMemberListReq(friendlist.GetTroopMemberListReq)[0m
[0m2022-05-25 00:30:10 V/Net 3378109058: Recv: friendlist.GetTroopMemberListReq[0m
[0m2022-05-25 00:30:10 V/Net 3378109058: Send: friendlist.GetTroopMemberListReq(friendlist.GetTroopMemberListReq)[0m
[0m2022-05-25 00:30:10 V/Net 3378109058: Recv: friendlist.GetTroopMemberListReq[0m
[0m2022-05-25 00:30:10 V/Net 3378109058: Send: friendlist.GetTroopMemberListReq(friendlist.GetTroopMemberListReq)[0m
[0m2022-05-25 00:30:10 V/Net 3378109058: Recv: friendlist.GetTroopMemberListReq[0m
[0m2022-05-25 00:30:10 V/Net 3378109058: Send: friendlist.GetTroopMemberListReq(friendlist.GetTroopMemberListReq)[0m
[0m2022-05-25 00:30:10 V/Net 3378109058: Recv: friendlist.GetTroopMemberListReq[0m
[0m2022-05-25 00:30:10 V/Net 3378109058: Send: friendlist.GetTroopMemberListReq(friendlist.GetTroopMemberListReq)[0m
[0m2022-05-25 00:30:10 V/Net 3378109058: Recv: friendlist.GetTroopMemberListReq[0m
[0m2022-05-25 00:30:10 V/Net 3378109058: Send: friendlist.GetTroopMemberListReq(friendlist.GetTroopMemberListReq)[0m
[0m2022-05-25 00:30:10 V/Net 3378109058: Recv: friendlist.GetTroopMemberListReq[0m
[0m2022-05-25 00:30:10 V/Net 3378109058: Send: friendlist.GetTroopMemberListReq(friendlist.GetTroopMemberListReq)[0m
[0m2022-05-25 00:30:10 V/Net 3378109058: Recv: friendlist.GetTroopMemberListReq[0m
[0m2022-05-25 00:30:10 V/Net 3378109058: Send: friendlist.GetTroopMemberListReq(friendlist.GetTroopMemberListReq)[0m
[0m2022-05-25 00:30:10 V/Net 3378109058: Recv: friendlist.GetTroopMemberListReq[0m
[0m2022-05-25 00:30:10 V/Net 3378109058: Send: friendlist.GetTroopMemberListReq(friendlist.GetTroopMemberListReq)[0m
[0m2022-05-25 00:30:10 V/Net 3378109058: Recv: friendlist.GetTroopMemberListReq[0m
[0m2022-05-25 00:30:10 V/Net 3378109058: Send: friendlist.GetTroopMemberListReq(friendlist.GetTroopMemberListReq)[0m
[0m2022-05-25 00:30:10 V/Net 3378109058: Recv: friendlist.GetTroopMemberListReq[0m
[0m2022-05-25 00:30:10 V/Net 3378109058: Send: friendlist.GetTroopMemberListReq(friendlist.GetTroopMemberListReq)[0m
[0m2022-05-25 00:30:10 V/Net 3378109058: Recv: friendlist.GetTroopMemberListReq[0m
[0m2022-05-25 00:30:11 V/Net 3378109058: Send: friendlist.GetTroopMemberListReq(friendlist.GetTroopMemberListReq)[0m
[0m2022-05-25 00:30:11 V/Net 3378109058: Recv: friendlist.GetTroopMemberListReq[0m
[0m2022-05-25 00:30:11 V/Net 3378109058: Send: friendlist.GetTroopMemberListReq(friendlist.GetTroopMemberListReq)[0m
[0m2022-05-25 00:30:11 V/Net 3378109058: Recv: friendlist.GetTroopMemberListReq[0m
[0m2022-05-25 00:30:11 V/Net 3378109058: Send: friendlist.GetTroopMemberListReq(friendlist.GetTroopMemberListReq)[0m
[0m2022-05-25 00:30:11 V/Net 3378109058: Recv: friendlist.GetTroopMemberListReq[0m
[0m2022-05-25 00:30:11 V/Net 3378109058: Send: friendlist.GetTroopMemberListReq(friendlist.GetTroopMemberListReq)[0m
[0m2022-05-25 00:30:11 V/Net 3378109058: Recv: friendlist.GetTroopMemberListReq[0m
[0m2022-05-25 00:30:11 V/Net 3378109058: Send: friendlist.GetTroopMemberListReq(friendlist.GetTroopMemberListReq)[0m
[0m2022-05-25 00:30:11 V/Net 3378109058: Recv: friendlist.GetTroopMemberListReq[0m
[0m2022-05-25 00:30:11 V/Net 3378109058: Send: friendlist.GetTroopMemberListReq(friendlist.GetTroopMemberListReq)[0m
[0m2022-05-25 00:30:11 V/Net 3378109058: Recv: friendlist.GetTroopMemberListReq[0m
[0m2022-05-25 00:30:11 V/Net 3378109058: Recv: friendlist.GetTroopMemberListReq[0m
[0m2022-05-25 00:30:11 V/Net 3378109058: Send: friendlist.GetTroopMemberListReq(friendlist.GetTroopMemberListReq)[0m
[0m2022-05-25 00:30:11 V/Net 3378109058: Send: friendlist.GetTroopMemberListReq(friendlist.GetTroopMemberListReq)[0m
[0m2022-05-25 00:30:11 V/Net 3378109058: Recv: friendlist.GetTroopMemberListReq[0m
[0m2022-05-25 00:30:11 V/Net 3378109058: Recv: friendlist.GetTroopMemberListReq[0m
[0m2022-05-25 00:30:11 V/Net 3378109058: Send: friendlist.GetTroopMemberListReq(friendlist.GetTroopMemberListReq)[0m
[0m2022-05-25 00:30:11 V/Net 3378109058: Send: friendlist.GetTroopMemberListReq(friendlist.GetTroopMemberListReq)[0m
[0m2022-05-25 00:30:11 V/Net 3378109058: Recv: friendlist.GetTroopMemberListReq[0m
[0m2022-05-25 00:30:11 V/Net 3378109058: Send: friendlist.GetTroopMemberListReq(friendlist.GetTroopMemberListReq)[0m
[0m2022-05-25 00:30:11 V/Net 3378109058: Recv: friendlist.GetTroopMemberListReq[0m
[0m2022-05-25 00:30:11 V/Net 3378109058: Send: friendlist.GetTroopMemberListReq(friendlist.GetTroopMemberListReq)[0m
[0m2022-05-25 00:30:11 V/Net 3378109058: Recv: friendlist.GetTroopMemberListReq[0m
[0m2022-05-25 00:30:11 V/Net 3378109058: Send: friendlist.GetTroopMemberListReq(friendlist.GetTroopMemberListReq)[0m
[0m2022-05-25 00:30:11 V/Net 3378109058: Recv: friendlist.GetTroopMemberListReq[0m
[0m2022-05-25 00:30:11 V/Net 3378109058: Send: friendlist.GetTroopMemberListReq(friendlist.GetTroopMemberListReq)[0m
[0m2022-05-25 00:30:11 V/Net 3378109058: Recv: friendlist.GetTroopMemberListReq[0m
[0m2022-05-25 00:30:11 V/Net 3378109058: Send: friendlist.GetTroopMemberListReq(friendlist.GetTroopMemberListReq)[0m
[0m2022-05-25 00:30:11 V/Net 3378109058: Recv: friendlist.GetTroopMemberListReq[0m
[0m2022-05-25 00:30:11 V/Net 3378109058: Send: friendlist.GetTroopMemberListReq(friendlist.GetTroopMemberListReq)[0m
[0m2022-05-25 00:30:11 V/Net 3378109058: Recv: friendlist.GetTroopMemberListReq[0m
[0m2022-05-25 00:30:11 V/Net 3378109058: Send: friendlist.GetTroopMemberListReq(friendlist.GetTroopMemberListReq)[0m
[0m2022-05-25 00:30:11 V/Net 3378109058: Recv: friendlist.GetTroopMemberListReq[0m
[0m2022-05-25 00:30:11 V/Net 3378109058: Recv: friendlist.GetTroopMemberListReq[0m
[0m2022-05-25 00:30:11 V/Net 3378109058: Recv: friendlist.GetTroopMemberListReq[0m
[0m2022-05-25 00:30:11 V/Net 3378109058: Send: friendlist.GetTroopMemberListReq(friendlist.GetTroopMemberListReq)[0m
[0m2022-05-25 00:30:11 V/Net 3378109058: Send: friendlist.GetTroopMemberListReq(friendlist.GetTroopMemberListReq)[0m
[0m2022-05-25 00:30:11 V/Net 3378109058: Recv: friendlist.GetTroopMemberListReq[0m
[0m2022-05-25 00:30:11 V/Net 3378109058: Recv: friendlist.GetTroopMemberListReq[0m
[0m2022-05-25 00:30:11 V/Net 3378109058: Send: friendlist.GetTroopMemberListReq(friendlist.GetTroopMemberListReq)[0m
[0m2022-05-25 00:30:11 V/Net 3378109058: Send: friendlist.GetTroopMemberListReq(friendlist.GetTroopMemberListReq)[0m
[0m2022-05-25 00:30:11 V/Net 3378109058: Recv: friendlist.GetTroopMemberListReq[0m
[0m2022-05-25 00:30:11 V/Net 3378109058: Send: friendlist.GetTroopMemberListReq(friendlist.GetTroopMemberListReq)[0m
[0m2022-05-25 00:30:11 V/Net 3378109058: Send: friendlist.GetTroopMemberListReq(friendlist.GetTroopMemberListReq)[0m
[0m2022-05-25 00:30:11 V/Net 3378109058: Recv: friendlist.GetTroopMemberListReq[0m
[0m2022-05-25 00:30:11 V/Net 3378109058: Recv: friendlist.GetTroopMemberListReq[0m
[0m2022-05-25 00:30:11 V/Net 3378109058: Send: friendlist.GetTroopMemberListReq(friendlist.GetTroopMemberListReq)[0m
[0m2022-05-25 00:30:11 V/Net 3378109058: Send: friendlist.GetTroopMemberListReq(friendlist.GetTroopMemberListReq)[0m
[0m2022-05-25 00:30:11 V/Net 3378109058: Recv: friendlist.GetTroopMemberListReq[0m
[0m2022-05-25 00:30:11 V/Net 3378109058: Send: friendlist.GetTroopMemberListReq(friendlist.GetTroopMemberListReq)[0m
[0m2022-05-25 00:30:11 V/Net 3378109058: Recv: friendlist.GetTroopMemberListReq[0m
[0m2022-05-25 00:30:11 V/Net 3378109058: Send: friendlist.GetTroopMemberListReq(friendlist.GetTroopMemberListReq)[0m
[0m2022-05-25 00:30:11 V/Net 3378109058: Recv: friendlist.GetTroopMemberListReq[0m
[0m2022-05-25 00:30:11 V/Net 3378109058: Send: friendlist.GetTroopMemberListReq(friendlist.GetTroopMemberListReq)[0m
[0m2022-05-25 00:30:11 V/Net 3378109058: Recv: friendlist.GetTroopMemberListReq[0m
[0m2022-05-25 00:30:11 V/Net 3378109058: Send: friendlist.GetTroopMemberListReq(friendlist.GetTroopMemberListReq)[0m
[0m2022-05-25 00:30:11 V/Net 3378109058: Recv: friendlist.GetTroopMemberListReq[0m
[0m2022-05-25 00:30:11 V/Net 3378109058: Send: friendlist.GetTroopMemberListReq(friendlist.GetTroopMemberListReq)[0m
[0m2022-05-25 00:30:11 V/Net 3378109058: Recv: friendlist.GetTroopMemberListReq[0m
[0m2022-05-25 00:30:11 V/Net 3378109058: Send: friendlist.GetTroopMemberListReq(friendlist.GetTroopMemberListReq)[0m
[0m2022-05-25 00:30:11 V/Net 3378109058: Recv: friendlist.GetTroopMemberListReq[0m
[0m2022-05-25 00:30:11 V/Net 3378109058: Send: friendlist.GetTroopMemberListReq(friendlist.GetTroopMemberListReq)[0m
[0m2022-05-25 00:30:11 V/Net 3378109058: Recv: friendlist.GetTroopMemberListReq[0m
[0m2022-05-25 00:30:11 V/Net 3378109058: Recv: friendlist.GetTroopMemberListReq[0m
[0m2022-05-25 00:30:11 V/Net 3378109058: Send: friendlist.GetTroopMemberListReq(friendlist.GetTroopMemberListReq)[0m
[0m2022-05-25 00:30:11 V/Net 3378109058: Send: friendlist.GetTroopMemberListReq(friendlist.GetTroopMemberListReq)[0m
[0m2022-05-25 00:30:11 V/Net 3378109058: Recv: friendlist.GetTroopMemberListReq[0m
[0m2022-05-25 00:30:11 V/Net 3378109058: Recv: friendlist.GetTroopMemberListReq[0m
[0m2022-05-25 00:30:11 V/Net 3378109058: Send: friendlist.GetTroopMemberListReq(friendlist.GetTroopMemberListReq)[0m
[0m2022-05-25 00:30:11 V/Net 3378109058: Send: friendlist.GetTroopMemberListReq(friendlist.GetTroopMemberListReq)[0m
[0m2022-05-25 00:30:11 V/Net 3378109058: Recv: friendlist.GetTroopMemberListReq[0m
[0m2022-05-25 00:30:11 V/Net 3378109058: Send: friendlist.GetTroopMemberListReq(friendlist.GetTroopMemberListReq)[0m
[0m2022-05-25 00:30:11 V/Net 3378109058: Recv: friendlist.GetTroopMemberListReq[0m
[0m2022-05-25 00:30:11 V/Net 3378109058: Recv: friendlist.GetTroopMemberListReq[0m
[0m2022-05-25 00:30:11 V/Net 3378109058: Send: friendlist.GetTroopMemberListReq(friendlist.GetTroopMemberListReq)[0m
[0m2022-05-25 00:30:11 V/Net 3378109058: Recv: friendlist.GetTroopMemberListReq[0m
[0m2022-05-25 00:30:11 V/Net 3378109058: Send: friendlist.GetTroopMemberListReq(friendlist.GetTroopMemberListReq)[0m
[0m2022-05-25 00:30:11 V/Net 3378109058: Send: friendlist.GetTroopMemberListReq(friendlist.GetTroopMemberListReq)[0m
[0m2022-05-25 00:30:11 V/Net 3378109058: Recv: friendlist.GetTroopMemberListReq[0m
[0m2022-05-25 00:30:11 V/Net 3378109058: Send: friendlist.GetTroopMemberListReq(friendlist.GetTroopMemberListReq)[0m
[0m2022-05-25 00:30:11 V/Net 3378109058: Recv: friendlist.GetTroopMemberListReq[0m
[0m2022-05-25 00:30:11 V/Net 3378109058: Recv: friendlist.GetTroopMemberListReq[0m
[0m2022-05-25 00:30:11 V/Net 3378109058: Send: friendlist.GetTroopMemberListReq(friendlist.GetTroopMemberListReq)[0m
[0m2022-05-25 00:30:11 V/Net 3378109058: Send: friendlist.GetTroopMemberListReq(friendlist.GetTroopMemberListReq)[0m
[0m2022-05-25 00:30:11 V/Net 3378109058: Recv: friendlist.GetTroopMemberListReq[0m
[0m2022-05-25 00:30:11 V/Net 3378109058: Send: friendlist.GetTroopMemberListReq(friendlist.GetTroopMemberListReq)[0m
[0m2022-05-25 00:30:11 V/Net 3378109058: Recv: friendlist.GetTroopMemberListReq[0m
[0m2022-05-25 00:30:11 V/Net 3378109058: Recv: friendlist.GetTroopMemberListReq[0m
[0m2022-05-25 00:30:11 V/Net 3378109058: Send: friendlist.GetTroopMemberListReq(friendlist.GetTroopMemberListReq)[0m
[0m2022-05-25 00:30:11 V/Net 3378109058: Send: friendlist.GetTroopMemberListReq(friendlist.GetTroopMemberListReq)[0m
[0m2022-05-25 00:30:11 V/Net 3378109058: Recv: friendlist.GetTroopMemberListReq[0m
[0m2022-05-25 00:30:11 V/Net 3378109058: Send: friendlist.GetTroopMemberListReq(friendlist.GetTroopMemberListReq)[0m
[0m2022-05-25 00:30:11 V/Net 3378109058: Recv: friendlist.GetTroopMemberListReq[0m
[0m2022-05-25 00:30:11 V/Net 3378109058: Send: friendlist.GetTroopMemberListReq(friendlist.GetTroopMemberListReq)[0m
[0m2022-05-25 00:30:11 V/Net 3378109058: Recv: friendlist.GetTroopMemberListReq[0m
[0m2022-05-25 00:30:11 V/Net 3378109058: Send: friendlist.GetTroopMemberListReq(friendlist.GetTroopMemberListReq)[0m
[0m2022-05-25 00:30:11 V/Net 3378109058: Recv: friendlist.GetTroopMemberListReq[0m
[0m2022-05-25 00:30:11 V/Net 3378109058: Send: friendlist.GetTroopMemberListReq(friendlist.GetTroopMemberListReq)[0m
[0m2022-05-25 00:30:11 V/Net 3378109058: Recv: friendlist.GetTroopMemberListReq[0m
[0m2022-05-25 00:30:11 V/Net 3378109058: Send: friendlist.GetTroopMemberListReq(friendlist.GetTroopMemberListReq)[0m
[0m2022-05-25 00:30:11 V/Net 3378109058: Recv: friendlist.GetTroopMemberListReq[0m
[0m2022-05-25 00:30:11 V/Net 3378109058: Send: friendlist.GetTroopMemberListReq(friendlist.GetTroopMemberListReq)[0m
[0m2022-05-25 00:30:11 V/Net 3378109058: Recv: friendlist.GetTroopMemberListReq[0m
[0m2022-05-25 00:30:11 V/Net 3378109058: Send: friendlist.GetTroopMemberListReq(friendlist.GetTroopMemberListReq)[0m
[0m2022-05-25 00:30:11 V/Net 3378109058: Recv: friendlist.GetTroopMemberListReq[0m
[0m2022-05-25 00:30:11 V/Net 3378109058: Send: friendlist.GetTroopMemberListReq(friendlist.GetTroopMemberListReq)[0m
[0m2022-05-25 00:30:11 V/Net 3378109058: Recv: friendlist.GetTroopMemberListReq[0m
[0m2022-05-25 00:30:11 V/Net 3378109058: Recv: friendlist.GetTroopMemberListReq[0m
[0m2022-05-25 00:30:11 V/Net 3378109058: Send: friendlist.GetTroopMemberListReq(friendlist.GetTroopMemberListReq)[0m
[0m2022-05-25 00:30:11 V/Net 3378109058: Send: friendlist.GetTroopMemberListReq(friendlist.GetTroopMemberListReq)[0m
[0m2022-05-25 00:30:11 V/Net 3378109058: Recv: friendlist.GetTroopMemberListReq[0m
[0m2022-05-25 00:30:11 V/Net 3378109058: Send: friendlist.GetTroopMemberListReq(friendlist.GetTroopMemberListReq)[0m
[0m2022-05-25 00:30:11 V/Net 3378109058: Recv: friendlist.GetTroopMemberListReq[0m
[0m2022-05-25 00:30:11 V/Net 3378109058: Send: friendlist.GetTroopMemberListReq(friendlist.GetTroopMemberListReq)[0m
[0m2022-05-25 00:30:11 V/Net 3378109058: Recv: friendlist.GetTroopMemberListReq[0m
[0m2022-05-25 00:30:11 V/Net 3378109058: Send: friendlist.GetTroopMemberListReq(friendlist.GetTroopMemberListReq)[0m
[0m2022-05-25 00:30:11 V/Net 3378109058: Recv: friendlist.GetTroopMemberListReq[0m
[0m2022-05-25 00:30:11 V/Net 3378109058: Send: friendlist.GetTroopMemberListReq(friendlist.GetTroopMemberListReq)[0m
[0m2022-05-25 00:30:11 V/Net 3378109058: Recv: friendlist.GetTroopMemberListReq[0m
[0m2022-05-25 00:30:11 V/Net 3378109058: Send: friendlist.GetTroopMemberListReq(friendlist.GetTroopMemberListReq)[0m
[0m2022-05-25 00:30:11 V/Net 3378109058: Recv: friendlist.GetTroopMemberListReq[0m
[0m2022-05-25 00:30:11 V/Net 3378109058: Send: friendlist.GetTroopMemberListReq(friendlist.GetTroopMemberListReq)[0m
[0m2022-05-25 00:30:11 V/Net 3378109058: Recv: friendlist.GetTroopMemberListReq[0m
[0m2022-05-25 00:30:11 V/Net 3378109058: Send: friendlist.GetTroopMemberListReq(friendlist.GetTroopMemberListReq)[0m
[0m2022-05-25 00:30:11 V/Net 3378109058: Recv: friendlist.GetTroopMemberListReq[0m
[0m2022-05-25 00:30:11 V/Net 3378109058: Recv: friendlist.GetTroopMemberListReq[0m
[0m2022-05-25 00:30:11 V/Net 3378109058: Send: friendlist.GetTroopMemberListReq(friendlist.GetTroopMemberListReq)[0m
[0m2022-05-25 00:30:11 V/Net 3378109058: Send: friendlist.GetTroopMemberListReq(friendlist.GetTroopMemberListReq)[0m
[0m2022-05-25 00:30:11 V/Net 3378109058: Recv: friendlist.GetTroopMemberListReq[0m
[0m2022-05-25 00:30:11 V/Net 3378109058: Recv: friendlist.GetTroopMemberListReq[0m
[0m2022-05-25 00:30:11 V/Net 3378109058: Send: friendlist.GetTroopMemberListReq(friendlist.GetTroopMemberListReq)[0m
[0m2022-05-25 00:30:11 V/Net 3378109058: Send: friendlist.GetTroopMemberListReq(friendlist.GetTroopMemberListReq)[0m
[0m2022-05-25 00:30:11 V/Net 3378109058: Recv: friendlist.GetTroopMemberListReq[0m
[0m2022-05-25 00:30:11 V/Net 3378109058: Recv: friendlist.GetTroopMemberListReq[0m
[0m2022-05-25 00:30:11 V/Net 3378109058: Send: friendlist.GetTroopMemberListReq(friendlist.GetTroopMemberListReq)[0m
[0m2022-05-25 00:30:11 V/Net 3378109058: Send: friendlist.GetTroopMemberListReq(friendlist.GetTroopMemberListReq)[0m
[0m2022-05-25 00:30:11 V/Net 3378109058: Recv: friendlist.GetTroopMemberListReq[0m
[0m2022-05-25 00:30:11 V/Net 3378109058: Send: friendlist.GetTroopMemberListReq(friendlist.GetTroopMemberListReq)[0m
[0m2022-05-25 00:30:11 V/Net 3378109058: Recv: friendlist.GetTroopMemberListReq[0m
[0m2022-05-25 00:30:11 V/Net 3378109058: Send: friendlist.GetTroopMemberListReq(friendlist.GetTroopMemberListReq)[0m
[0m2022-05-25 00:30:11 V/Net 3378109058: Recv: friendlist.GetTroopMemberListReq[0m
[0m2022-05-25 00:30:11 V/Net 3378109058: Recv: friendlist.GetTroopMemberListReq[0m
[0m2022-05-25 00:30:11 V/Net 3378109058: Send: friendlist.GetTroopMemberListReq(friendlist.GetTroopMemberListReq)[0m
[0m2022-05-25 00:30:11 V/Net 3378109058: Send: friendlist.GetTroopMemberListReq(friendlist.GetTroopMemberListReq)[0m
[0m2022-05-25 00:30:11 V/Net 3378109058: Recv: friendlist.GetTroopMemberListReq[0m
[0m2022-05-25 00:30:11 V/Net 3378109058: Send: friendlist.GetTroopMemberListReq(friendlist.GetTroopMemberListReq)[0m
[0m2022-05-25 00:30:11 V/Net 3378109058: Recv: friendlist.GetTroopMemberListReq[0m
[0m2022-05-25 00:30:11 V/Net 3378109058: Send: friendlist.GetTroopMemberListReq(friendlist.GetTroopMemberListReq)[0m
[0m2022-05-25 00:30:11 V/Net 3378109058: Recv: friendlist.GetTroopMemberListReq[0m
[0m2022-05-25 00:30:11 V/Net 3378109058: Send: friendlist.GetTroopMemberListReq(friendlist.GetTroopMemberListReq)[0m
[0m2022-05-25 00:30:11 V/Net 3378109058: Recv: friendlist.GetTroopMemberListReq[0m
[0m2022-05-25 00:30:11 V/Net 3378109058: Send: friendlist.GetTroopMemberListReq(friendlist.GetTroopMemberListReq)[0m
[0m2022-05-25 00:30:11 V/Net 3378109058: Recv: friendlist.GetTroopMemberListReq[0m
[0m2022-05-25 00:30:11 V/Net 3378109058: Send: friendlist.GetTroopMemberListReq(friendlist.GetTroopMemberListReq)[0m
[0m2022-05-25 00:30:11 V/Net 3378109058: Recv: friendlist.GetTroopMemberListReq[0m
[0m2022-05-25 00:30:11 V/Net 3378109058: Recv: friendlist.GetTroopMemberListReq[0m
[0m2022-05-25 00:30:11 V/Net 3378109058: Send: friendlist.GetTroopMemberListReq(friendlist.GetTroopMemberListReq)[0m
[0m2022-05-25 00:30:11 V/Net 3378109058: Send: friendlist.GetTroopMemberListReq(friendlist.GetTroopMemberListReq)[0m
[0m2022-05-25 00:30:11 V/Net 3378109058: Recv: friendlist.GetTroopMemberListReq[0m
[0m2022-05-25 00:30:11 V/Net 3378109058: Send: friendlist.GetTroopMemberListReq(friendlist.GetTroopMemberListReq)[0m
[0m2022-05-25 00:30:11 V/Net 3378109058: Recv: friendlist.GetTroopMemberListReq[0m
[0m2022-05-25 00:30:11 V/Net 3378109058: Send: friendlist.GetTroopMemberListReq(friendlist.GetTroopMemberListReq)[0m
[0m2022-05-25 00:30:11 V/Net 3378109058: Recv: friendlist.GetTroopMemberListReq[0m
[0m2022-05-25 00:30:11 V/Net 3378109058: Send: friendlist.GetTroopMemberListReq(friendlist.GetTroopMemberListReq)[0m
[0m2022-05-25 00:30:11 V/Net 3378109058: Recv: friendlist.GetTroopMemberListReq[0m
[0m2022-05-25 00:30:11 V/Net 3378109058: Send: friendlist.GetTroopMemberListReq(friendlist.GetTroopMemberListReq)[0m
[0m2022-05-25 00:30:11 V/Net 3378109058: Recv: friendlist.GetTroopMemberListReq[0m
[0m2022-05-25 00:30:11 V/Net 3378109058: Send: friendlist.GetTroopMemberListReq(friendlist.GetTroopMemberListReq)[0m
[0m2022-05-25 00:30:11 V/Net 3378109058: Recv: friendlist.GetTroopMemberListReq[0m
[0m2022-05-25 00:30:11 V/Net 3378109058: Send: friendlist.GetTroopMemberListReq(friendlist.GetTroopMemberListReq)[0m
[0m2022-05-25 00:30:11 V/Net 3378109058: Recv: friendlist.GetTroopMemberListReq[0m
[0m2022-05-25 00:30:11 V/Net 3378109058: Send: friendlist.GetTroopMemberListReq(friendlist.GetTroopMemberListReq)[0m
[0m2022-05-25 00:30:11 V/Net 3378109058: Recv: friendlist.GetTroopMemberListReq[0m
[0m2022-05-25 00:30:11 V/Net 3378109058: Recv: friendlist.GetTroopMemberListReq[0m
[0m2022-05-25 00:30:11 V/Net 3378109058: Send: friendlist.GetTroopMemberListReq(friendlist.GetTroopMemberListReq)[0m
[0m2022-05-25 00:30:11 V/Net 3378109058: Send: friendlist.GetTroopMemberListReq(friendlist.GetTroopMemberListReq)[0m
[0m2022-05-25 00:30:11 V/Net 3378109058: Recv: friendlist.GetTroopMemberListReq[0m
[0m2022-05-25 00:30:11 V/Net 3378109058: Send: friendlist.GetTroopMemberListReq(friendlist.GetTroopMemberListReq)[0m
[0m2022-05-25 00:30:11 V/Net 3378109058: Recv: friendlist.GetTroopMemberListReq[0m
[0m2022-05-25 00:30:11 V/Net 3378109058: Send: friendlist.GetTroopMemberListReq(friendlist.GetTroopMemberListReq)[0m
[0m2022-05-25 00:30:11 V/Net 3378109058: Recv: friendlist.GetTroopMemberListReq[0m
[0m2022-05-25 00:30:11 V/Net 3378109058: Send: friendlist.GetTroopMemberListReq(friendlist.GetTroopMemberListReq)[0m
[0m2022-05-25 00:30:11 V/Net 3378109058: Recv: friendlist.GetTroopMemberListReq[0m
[0m2022-05-25 00:30:11 V/Net 3378109058: Recv: friendlist.GetTroopMemberListReq[0m
[0m2022-05-25 00:30:11 V/Net 3378109058: Send: friendlist.GetTroopMemberListReq(friendlist.GetTroopMemberListReq)[0m
[0m2022-05-25 00:30:11 V/Net 3378109058: Send: friendlist.GetTroopMemberListReq(friendlist.GetTroopMemberListReq)[0m
[0m2022-05-25 00:30:11 V/Net 3378109058: Recv: friendlist.GetTroopMemberListReq[0m
[0m2022-05-25 00:30:11 V/Net 3378109058: Send: friendlist.GetTroopMemberListReq(friendlist.GetTroopMemberListReq)[0m
[0m2022-05-25 00:30:11 V/Net 3378109058: Recv: friendlist.GetTroopMemberListReq[0m
[0m2022-05-25 00:30:11 V/Net 3378109058: Recv: friendlist.GetTroopMemberListReq[0m
[0m2022-05-25 00:30:11 V/Net 3378109058: Send: friendlist.GetTroopMemberListReq(friendlist.GetTroopMemberListReq)[0m
[0m2022-05-25 00:30:11 V/Net 3378109058: Recv: friendlist.GetTroopMemberListReq[0m
[0m2022-05-25 00:30:11 V/Net 3378109058: Send: friendlist.GetTroopMemberListReq(friendlist.GetTroopMemberListReq)[0m
[0m2022-05-25 00:30:11 V/Net 3378109058: Recv: friendlist.GetTroopMemberListReq[0m
[0m2022-05-25 00:30:11 V/Net 3378109058: Recv: friendlist.GetTroopMemberListReq[0m
[0m2022-05-25 00:30:11 V/Net 3378109058: Recv: friendlist.GetTroopMemberListReq[0m
[0m2022-05-25 00:30:11 V/Net 3378109058: Send: friendlist.GetTroopMemberListReq(friendlist.GetTroopMemberListReq)[0m
[0m2022-05-25 00:30:11 V/Net 3378109058: Recv: friendlist.GetTroopMemberListReq[0m
[0m2022-05-25 00:30:11 V/Net 3378109058: Send: friendlist.GetTroopMemberListReq(friendlist.GetTroopMemberListReq)[0m
[0m2022-05-25 00:30:11 V/Net 3378109058: Recv: friendlist.GetTroopMemberListReq[0m
[0m2022-05-25 00:30:11 V/Net 3378109058: Send: friendlist.GetTroopMemberListReq(friendlist.GetTroopMemberListReq)[0m
[0m2022-05-25 00:30:11 V/Net 3378109058: Recv: friendlist.GetTroopMemberListReq[0m
[0m2022-05-25 00:30:11 V/Net 3378109058: Recv: friendlist.GetTroopMemberListReq[0m
[0m2022-05-25 00:30:11 V/Net 3378109058: Send: friendlist.GetTroopMemberListReq(friendlist.GetTroopMemberListReq)[0m
[0m2022-05-25 00:30:11 V/Net 3378109058: Recv: friendlist.GetTroopMemberListReq[0m
[0m2022-05-25 00:30:11 V/Net 3378109058: Send: friendlist.GetTroopMemberListReq(friendlist.GetTroopMemberListReq)[0m
[0m2022-05-25 00:30:11 V/Net 3378109058: Recv: friendlist.GetTroopMemberListReq[0m
[0m2022-05-25 00:30:11 V/Net 3378109058: Send: friendlist.GetTroopMemberListReq(friendlist.GetTroopMemberListReq)[0m
[0m2022-05-25 00:30:11 V/Net 3378109058: Recv: friendlist.GetTroopMemberListReq[0m
[0m2022-05-25 00:30:11 V/Net 3378109058: Recv: friendlist.GetTroopMemberListReq[0m
[0m2022-05-25 00:30:11 V/Net 3378109058: Recv: friendlist.GetTroopMemberListReq[0m
[0m2022-05-25 00:30:11 V/Net 3378109058: Send: friendlist.GetTroopMemberListReq(friendlist.GetTroopMemberListReq)[0m
[0m2022-05-25 00:30:11 V/Net 3378109058: Send: friendlist.GetTroopMemberListReq(friendlist.GetTroopMemberListReq)[0m
[0m2022-05-25 00:30:11 V/Net 3378109058: Recv: friendlist.GetTroopMemberListReq[0m
[0m2022-05-25 00:30:11 V/Net 3378109058: Send: friendlist.GetTroopMemberListReq(friendlist.GetTroopMemberListReq)[0m
[0m2022-05-25 00:30:11 V/Net 3378109058: Recv: friendlist.GetTroopMemberListReq[0m
[0m2022-05-25 00:30:11 V/Net 3378109058: Recv: friendlist.GetTroopMemberListReq[0m
[0m2022-05-25 00:30:11 V/Net 3378109058: Send: friendlist.GetTroopMemberListReq(friendlist.GetTroopMemberListReq)[0m
[0m2022-05-25 00:30:11 V/Net 3378109058: Recv: friendlist.GetTroopMemberListReq[0m
[0m2022-05-25 00:30:11 V/Net 3378109058: Recv: friendlist.GetTroopMemberListReq[0m
[0m2022-05-25 00:30:11 V/Net 3378109058: Send: friendlist.GetTroopMemberListReq(friendlist.GetTroopMemberListReq)[0m
[0m2022-05-25 00:30:11 V/Net 3378109058: Recv: friendlist.GetTroopMemberListReq[0m
[0m2022-05-25 00:30:11 V/Net 3378109058: Send: friendlist.GetTroopMemberListReq(friendlist.GetTroopMemberListReq)[0m
[0m2022-05-25 00:30:11 V/Net 3378109058: Recv: friendlist.GetTroopMemberListReq[0m
[0m2022-05-25 00:30:11 V/Net 3378109058: Recv: friendlist.GetTroopMemberListReq[0m
[0m2022-05-25 00:30:11 V/Net 3378109058: Recv: friendlist.GetTroopMemberListReq[0m
[0m2022-05-25 00:30:11 V/Net 3378109058: Recv: friendlist.GetTroopMemberListReq[0m
[0m2022-05-25 00:30:11 V/Net 3378109058: Send: friendlist.GetTroopMemberListReq(friendlist.GetTroopMemberListReq)[0m
[0m2022-05-25 00:30:11 V/Net 3378109058: Recv: friendlist.GetTroopMemberListReq[0m
[0m2022-05-25 00:30:11 V/Net 3378109058: Send: friendlist.GetTroopMemberListReq(friendlist.GetTroopMemberListReq)[0m
[0m2022-05-25 00:30:11 V/Net 3378109058: Recv: friendlist.GetTroopMemberListReq[0m
[0m2022-05-25 00:30:11 V/Net 3378109058: Send: friendlist.GetTroopMemberListReq(friendlist.GetTroopMemberListReq)[0m
[0m2022-05-25 00:30:11 V/Net 3378109058: Recv: friendlist.GetTroopMemberListReq[0m
[0m2022-05-25 00:30:11 V/Net 3378109058: Recv: friendlist.GetTroopMemberListReq[0m
[0m2022-05-25 00:30:11 V/Net 3378109058: Send: friendlist.GetTroopMemberListReq(friendlist.GetTroopMemberListReq)[0m
[0m2022-05-25 00:30:11 V/Net 3378109058: Recv: friendlist.GetTroopMemberListReq[0m
[0m2022-05-25 00:30:11 V/Net 3378109058: Recv: friendlist.GetTroopMemberListReq[0m
[0m2022-05-25 00:30:11 V/Net 3378109058: Recv: friendlist.GetTroopMemberListReq[0m
[0m2022-05-25 00:30:11 V/Net 3378109058: Send: friendlist.GetTroopMemberListReq(friendlist.GetTroopMemberListReq)[0m
[0m2022-05-25 00:30:11 V/Net 3378109058: Recv: friendlist.GetTroopMemberListReq[0m
[0m2022-05-25 00:30:11 V/Net 3378109058: Send: friendlist.GetTroopMemberListReq(friendlist.GetTroopMemberListReq)[0m
[0m2022-05-25 00:30:11 V/Net 3378109058: Recv: friendlist.GetTroopMemberListReq[0m
[0m2022-05-25 00:30:11 V/Net 3378109058: Send: friendlist.GetTroopMemberListReq(friendlist.GetTroopMemberListReq)[0m
[0m2022-05-25 00:30:11 V/Net 3378109058: Recv: friendlist.GetTroopMemberListReq[0m
[0m2022-05-25 00:30:11 V/Net 3378109058: Send: friendlist.GetTroopMemberListReq(friendlist.GetTroopMemberListReq)[0m
[0m2022-05-25 00:30:11 V/Net 3378109058: Recv: friendlist.GetTroopMemberListReq[0m
[0m2022-05-25 00:30:11 V/Net 3378109058: Send: friendlist.GetTroopMemberListReq(friendlist.GetTroopMemberListReq)[0m
[0m2022-05-25 00:30:11 V/Net 3378109058: Recv: friendlist.GetTroopMemberListReq[0m
[0m2022-05-25 00:30:11 V/Net 3378109058: Recv: friendlist.GetTroopMemberListReq[0m
[0m2022-05-25 00:30:11 V/Net 3378109058: Send: friendlist.GetTroopMemberListReq(friendlist.GetTroopMemberListReq)[0m
[0m2022-05-25 00:30:11 V/Net 3378109058: Recv: friendlist.GetTroopMemberListReq[0m
[0m2022-05-25 00:30:12 V/Net 3378109058: Recv: friendlist.GetTroopMemberListReq[0m
[0m2022-05-25 00:30:12 V/Net 3378109058: Send: friendlist.GetTroopMemberListReq(friendlist.GetTroopMemberListReq)[0m
[0m2022-05-25 00:30:12 V/Net 3378109058: Recv: friendlist.GetTroopMemberListReq[0m
[0m2022-05-25 00:30:12 V/Net 3378109058: Send: friendlist.GetTroopMemberListReq(friendlist.GetTroopMemberListReq)[0m
[0m2022-05-25 00:30:12 V/Net 3378109058: Recv: friendlist.GetTroopMemberListReq[0m
[0m2022-05-25 00:30:12 V/Net 3378109058: Recv: friendlist.GetTroopMemberListReq[0m
[0m2022-05-25 00:30:12 V/Net 3378109058: Recv: friendlist.GetTroopMemberListReq[0m
[0m2022-05-25 00:30:12 V/Net 3378109058: Send: friendlist.GetTroopMemberListReq(friendlist.GetTroopMemberListReq)[0m
[0m2022-05-25 00:30:12 V/Net 3378109058: Recv: friendlist.GetTroopMemberListReq[0m
[0m2022-05-25 00:30:12 V/Net 3378109058: Send: friendlist.GetTroopMemberListReq(friendlist.GetTroopMemberListReq)[0m
[0m2022-05-25 00:30:12 V/Net 3378109058: Recv: friendlist.GetTroopMemberListReq[0m
[0m2022-05-25 00:30:12 V/Net 3378109058: Send: friendlist.GetTroopMemberListReq(friendlist.GetTroopMemberListReq)[0m
[0m2022-05-25 00:30:12 V/Net 3378109058: Recv: friendlist.GetTroopMemberListReq[0m
[0m2022-05-25 00:30:12 V/Net 3378109058: Send: friendlist.GetTroopMemberListReq(friendlist.GetTroopMemberListReq)[0m
[0m2022-05-25 00:30:12 V/Net 3378109058: Recv: friendlist.GetTroopMemberListReq[0m
[0m2022-05-25 00:30:12 V/Net 3378109058: Send: friendlist.GetTroopMemberListReq(friendlist.GetTroopMemberListReq)[0m
[0m2022-05-25 00:30:12 V/Net 3378109058: Recv: friendlist.GetTroopMemberListReq[0m
[0m2022-05-25 00:30:12 V/Net 3378109058: Send: friendlist.GetTroopMemberListReq(friendlist.GetTroopMemberListReq)[0m
[0m2022-05-25 00:30:12 V/Net 3378109058: Recv: friendlist.GetTroopMemberListReq[0m
[0m2022-05-25 00:30:12 V/Net 3378109058: Recv: friendlist.GetTroopMemberListReq[0m
[0m2022-05-25 00:30:12 V/Net 3378109058: Send: friendlist.GetTroopMemberListReq(friendlist.GetTroopMemberListReq)[0m
[0m2022-05-25 00:30:12 V/Net 3378109058: Recv: friendlist.GetTroopMemberListReq[0m
[0m2022-05-25 00:30:12 V/Net 3378109058: Send: friendlist.GetTroopMemberListReq(friendlist.GetTroopMemberListReq)[0m
[0m2022-05-25 00:30:12 V/Net 3378109058: Recv: friendlist.GetTroopMemberListReq[0m
[0m2022-05-25 00:30:12 V/Net 3378109058: Send: friendlist.GetTroopMemberListReq(friendlist.GetTroopMemberListReq)[0m
[0m2022-05-25 00:30:12 V/Net 3378109058: Recv: friendlist.GetTroopMemberListReq[0m
[0m2022-05-25 00:30:12 V/Net 3378109058: Recv: friendlist.GetTroopMemberListReq[0m
[0m2022-05-25 00:30:12 V/Net 3378109058: Send: friendlist.GetTroopMemberListReq(friendlist.GetTroopMemberListReq)[0m
[0m2022-05-25 00:30:12 V/Net 3378109058: Recv: friendlist.GetTroopMemberListReq[0m
[0m2022-05-25 00:30:12 V/Net 3378109058: Send: friendlist.GetTroopMemberListReq(friendlist.GetTroopMemberListReq)[0m
[0m2022-05-25 00:30:12 V/Net 3378109058: Recv: friendlist.GetTroopMemberListReq[0m
[0m2022-05-25 00:30:12 V/Net 3378109058: Recv: friendlist.GetTroopMemberListReq[0m
[0m2022-05-25 00:30:12 V/Net 3378109058: Send: friendlist.GetTroopMemberListReq(friendlist.GetTroopMemberListReq)[0m
[0m2022-05-25 00:30:12 V/Net 3378109058: Recv: friendlist.GetTroopMemberListReq[0m
[0m2022-05-25 00:30:12 V/Net 3378109058: Send: friendlist.GetTroopMemberListReq(friendlist.GetTroopMemberListReq)[0m
[0m2022-05-25 00:30:12 V/Net 3378109058: Recv: friendlist.GetTroopMemberListReq[0m
[0m2022-05-25 00:30:12 V/Net 3378109058: Send: friendlist.GetTroopMemberListReq(friendlist.GetTroopMemberListReq)[0m
[0m2022-05-25 00:30:12 V/Net 3378109058: Recv: friendlist.GetTroopMemberListReq[0m
[0m2022-05-25 00:30:12 V/Net 3378109058: Send: friendlist.GetTroopMemberListReq(friendlist.GetTroopMemberListReq)[0m
[0m2022-05-25 00:30:12 V/Net 3378109058: Recv: friendlist.GetTroopMemberListReq[0m
[0m2022-05-25 00:30:12 V/Net 3378109058: Send: friendlist.GetTroopMemberListReq(friendlist.GetTroopMemberListReq)[0m
[0m2022-05-25 00:30:12 V/Net 3378109058: Recv: ConfigPushSvc.PushReq[0m
[92m2022-05-25 00:30:12 I/Net 3378109058: Server list: 59.83.208.202:80, 123.125.0.184:80, 60.29.237.176:443, 112.80.130.241:14000, 157.148.54.17:443, 60.29.237.214:80, 60.29.242.161:80, 112.86.231.250:443, 157.148.54.197:8080, msfwifi.3g.qq.com:8080.[0m
[0m2022-05-25 00:30:12 V/Net 3378109058: Saving bdh session to cache[0m
[0m2022-05-25 00:30:12 V/Net 3378109058: Saving server list to cache[0m
[0m2022-05-25 00:30:12 V/Net 3378109058: Send: ConfigPushSvc.PushResp(ConfigPushSvc.PushResp)[0m
[0m2022-05-25 00:30:12 V/Net 3378109058: Recv: friendlist.GetTroopMemberListReq[0m
[0m2022-05-25 00:30:12 V/Net 3378109058: Send: friendlist.GetTroopMemberListReq(friendlist.GetTroopMemberListReq)[0m
[0m2022-05-25 00:30:12 V/Net 3378109058: Recv: friendlist.GetTroopMemberListReq[0m
[0m2022-05-25 00:30:12 V/Net 3378109058: Send: friendlist.GetTroopMemberListReq(friendlist.GetTroopMemberListReq)[0m
[0m2022-05-25 00:30:12 V/Net 3378109058: Recv: friendlist.GetTroopMemberListReq[0m
[0m2022-05-25 00:30:12 V/Net 3378109058: Send: friendlist.GetTroopMemberListReq(friendlist.GetTroopMemberListReq)[0m
[0m2022-05-25 00:30:12 V/Net 3378109058: Recv: ConfigPushSvc.PushReq[0m
[0m2022-05-25 00:30:12 V/Net 3378109058: Recv: friendlist.GetTroopMemberListReq[0m
[0m2022-05-25 00:30:12 V/Net 3378109058: Send: friendlist.GetTroopMemberListReq(friendlist.GetTroopMemberListReq)[0m
[0m2022-05-25 00:30:12 V/Net 3378109058: Saving bdh session to cache[0m
[0m2022-05-25 00:30:12 V/Net 3378109058: Recv: friendlist.GetTroopMemberListReq[0m
[0m2022-05-25 00:30:12 V/Net 3378109058: Send: friendlist.GetTroopMemberListReq(friendlist.GetTroopMemberListReq)[0m
[0m2022-05-25 00:30:12 V/Net 3378109058: Send: ConfigPushSvc.PushResp(ConfigPushSvc.PushResp)[0m
[0m2022-05-25 00:30:12 V/Net 3378109058: Recv: friendlist.GetTroopMemberListReq[0m
[0m2022-05-25 00:30:12 V/Net 3378109058: Recv: friendlist.GetTroopMemberListReq[0m
[0m2022-05-25 00:30:12 V/Net 3378109058: Send: friendlist.GetTroopMemberListReq(friendlist.GetTroopMemberListReq)[0m
[0m2022-05-25 00:30:12 V/Net 3378109058: Recv: friendlist.GetTroopMemberListReq[0m
[0m2022-05-25 00:30:12 V/Net 3378109058: Send: friendlist.GetTroopMemberListReq(friendlist.GetTroopMemberListReq)[0m
[0m2022-05-25 00:30:12 V/Net 3378109058: Recv: friendlist.GetTroopMemberListReq[0m
[0m2022-05-25 00:30:12 V/Net 3378109058: Recv: friendlist.GetTroopMemberListReq[0m
[0m2022-05-25 00:30:12 V/Net 3378109058: Send: friendlist.GetTroopMemberListReq(friendlist.GetTroopMemberListReq)[0m
[0m2022-05-25 00:30:12 V/Net 3378109058: Recv: friendlist.GetTroopMemberListReq[0m
[0m2022-05-25 00:30:12 V/Net 3378109058: Recv: friendlist.GetTroopMemberListReq[0m
[0m2022-05-25 00:30:12 V/Net 3378109058: Recv: friendlist.GetTroopMemberListReq[0m
[0m2022-05-25 00:30:12 V/Net 3378109058: Send: friendlist.GetTroopMemberListReq(friendlist.GetTroopMemberListReq)[0m
[0m2022-05-25 00:30:12 V/Net 3378109058: Recv: friendlist.GetTroopMemberListReq[0m
[0m2022-05-25 00:30:12 V/Net 3378109058: Send: friendlist.GetTroopMemberListReq(friendlist.GetTroopMemberListReq)[0m
[0m2022-05-25 00:30:12 V/Net 3378109058: Recv: friendlist.GetTroopMemberListReq[0m
[0m2022-05-25 00:30:12 V/Net 3378109058: Send: friendlist.GetTroopMemberListReq(friendlist.GetTroopMemberListReq)[0m
[0m2022-05-25 00:30:12 V/Net 3378109058: Recv: friendlist.GetTroopMemberListReq[0m
[0m2022-05-25 00:30:12 V/Net 3378109058: Recv: friendlist.GetTroopMemberListReq[0m
[0m2022-05-25 00:30:12 V/Net 3378109058: Send: friendlist.GetTroopMemberListReq(friendlist.GetTroopMemberListReq)[0m
[0m2022-05-25 00:30:12 V/Net 3378109058: Recv: friendlist.GetTroopMemberListReq[0m
[0m2022-05-25 00:30:12 V/Net 3378109058: Send: friendlist.GetTroopMemberListReq(friendlist.GetTroopMemberListReq)[0m
[0m2022-05-25 00:30:12 V/Net 3378109058: Recv: friendlist.GetTroopMemberListReq[0m
[0m2022-05-25 00:30:12 V/Net 3378109058: Recv: friendlist.GetTroopMemberListReq[0m
[0m2022-05-25 00:30:12 V/Net 3378109058: Send: friendlist.GetTroopMemberListReq(friendlist.GetTroopMemberListReq)[0m
[0m2022-05-25 00:30:12 V/Net 3378109058: Recv: friendlist.GetTroopMemberListReq[0m
[0m2022-05-25 00:30:12 V/Net 3378109058: Send: friendlist.GetTroopMemberListReq(friendlist.GetTroopMemberListReq)[0m
[0m2022-05-25 00:30:12 V/Net 3378109058: Recv: friendlist.GetTroopMemberListReq[0m
[0m2022-05-25 00:30:12 V/Net 3378109058: Send: friendlist.GetTroopMemberListReq(friendlist.GetTroopMemberListReq)[0m
[0m2022-05-25 00:30:13 V/Net 3378109058: Recv: friendlist.GetTroopMemberListReq[0m
[0m2022-05-25 00:30:13 V/Net 3378109058: Send: friendlist.GetTroopMemberListReq(friendlist.GetTroopMemberListReq)[0m
[0m2022-05-25 00:30:13 V/Net 3378109058: Recv: friendlist.GetTroopMemberListReq[0m
[0m2022-05-25 00:30:13 V/Net 3378109058: Recv: friendlist.GetTroopMemberListReq[0m
[0m2022-05-25 00:30:13 V/Net 3378109058: Send: friendlist.GetTroopMemberListReq(friendlist.GetTroopMemberListReq)[0m
[0m2022-05-25 00:30:13 V/Net 3378109058: Recv: friendlist.GetTroopMemberListReq[0m
[0m2022-05-25 00:30:13 V/Net 3378109058: Send: friendlist.GetTroopMemberListReq(friendlist.GetTroopMemberListReq)[0m
[0m2022-05-25 00:30:13 V/Net 3378109058: Recv: friendlist.GetTroopMemberListReq[0m
[0m2022-05-25 00:30:13 V/Net 3378109058: Send: friendlist.GetTroopMemberListReq(friendlist.GetTroopMemberListReq)[0m
[0m2022-05-25 00:30:13 V/Net 3378109058: Recv: friendlist.GetTroopMemberListReq[0m
[0m2022-05-25 00:30:13 V/Net 3378109058: Recv: friendlist.GetTroopMemberListReq[0m
[0m2022-05-25 00:30:13 V/Net 3378109058: Recv: friendlist.GetTroopMemberListReq[0m
[0m2022-05-25 00:30:13 V/Net 3378109058: Send: friendlist.GetTroopMemberListReq(friendlist.GetTroopMemberListReq)[0m
[0m2022-05-25 00:30:13 V/Net 3378109058: Recv: friendlist.GetTroopMemberListReq[0m
[0m2022-05-25 00:30:13 V/Net 3378109058: Send: friendlist.GetTroopMemberListReq(friendlist.GetTroopMemberListReq)[0m
[0m2022-05-25 00:30:14 V/Net 3378109058: Recv: friendlist.GetTroopMemberListReq[0m
[0m2022-05-25 00:30:14 V/Net 3378109058: Send: friendlist.GetTroopMemberListReq(friendlist.GetTroopMemberListReq)[0m
[0m2022-05-25 00:30:14 V/Net 3378109058: Recv: friendlist.GetTroopMemberListReq[0m
[92m2022-05-25 00:30:14 I/Net 3378109058: Successfully loaded group list: 111 in total.[0m
[92m2022-05-25 00:30:14 I/Net 3378109058: Scheduled key refresh in 23h 55min 0.0s.[0m
[92m2022-05-25 00:30:14 I/Net 3378109058: Scheduled refresh login session in 19d 23h 55min 0.0s.[0m
