[0m2022-07-26 16:19:59 V/Net 3378109058: Loading server list from cache.[0m
[92m2022-07-26 16:19:59 I/Net 3378109058: Server list: 116.130.229.208:80, 157.148.42.147:8080, 60.29.242.161:80, 116.130.230.31:80, 157.255.13.204:443, msfwifi.3g.qq.com:8080, 163.177.30.225:8080, 112.86.241.64:80, 59.83.209.34:14000, 112.86.231.250:8080.[0m
[92m2022-07-26 16:20:02 I/Net 3378109058: ECDH key is invalid, start to fetch ecdh public key from server.[0m
[92m2022-07-26 16:20:03 I/Net 3378109058: Successfully fetched ecdh public key from server.[0m
[0m2022-07-26 16:20:03 V/Net 3378109058: Send: wtlogin.exchange_emp[0m
[0m2022-07-26 16:20:03 V/Net 3378109058: Recv: wtlogin.exchange_emp[0m
[0m2022-07-26 16:20:03 V/Net 3378109058: Send: StatSvc.register(online)[0m
[0m2022-07-26 16:20:03 V/Net 3378109058: Recv: StatSvc.register[0m
[0m2022-07-26 16:20:03 V/Net 3378109058: Loading BdhSession from cache file[0m
[92m2022-07-26 16:20:03 I/Net 3378109058: Syncing friend message history...[0m
[92m2022-07-26 16:20:03 I/Net 3378109058: Start loading stranger list...[0m
[92m2022-07-26 16:20:03 I/Net 3378109058: Start loading friend list...[0m
[0m2022-07-26 16:20:03 V/Net 3378109058: Send: StatSvc.GetDevLoginInfo(StatSvc.GetDevLoginInfo)[0m
[0m2022-07-26 16:20:03 V/Net 3378109058: Send: OidbSvc.0x496(OidbSvc.0x496)[0m
[0m2022-07-26 16:20:03 V/Net 3378109058: Send: OidbSvc.0x5d2_0(OidbSvc.0x5d2_0)[0m
[0m2022-07-26 16:20:03 V/Net 3378109058: Send: friendlist.getFriendGroupList(friendlist.getFriendGroupList)[0m
[0m2022-07-26 16:20:03 V/Net 3378109058: Recv: StatSvc.GetDevLoginInfo[0m
[92m2022-07-26 16:20:03 I/Net 3378109058: No OtherClient online.[0m
[0m2022-07-26 16:20:03 V/Net 3378109058: Recv: OidbSvc.0x5d2_0[0m
[0m2022-07-26 16:20:03 V/Net 3378109058: Recv: OidbSvc.0x496[0m
[92m2022-07-26 16:20:03 I/Net 3378109058: Successfully loaded stranger list: 3 in total[0m
[92m2022-07-26 16:20:03 I/Net 3378109058: Start loading group list...[0m
[0m2022-07-26 16:20:03 V/Net 3378109058: Send: friendlist.GetTroopListReqV2(friendlist.GetTroopListReqV2)[0m
[96m2022-07-26 16:20:03 D/Net 3378109058: unknown PbGetMsg type 528, data=08 C7 01 12 3E 0A 3C 08 00 10 A0 1F 82 FA 01 33 08 92 4E 10 82 B5 E7 CA 0C 18 D2 9E 86 9C 06 20 03 32 20 08 0C CA 8A 3B 1A 08 0C 10 01 18 82 B5 E7 CA 0C 20 D2 9E 86 9C 06 30 0C 40 00 48 80 FC FA 96 06[0m
[96m2022-07-26 16:20:03 D/Net 3378109058: unknown PbGetMsg type 528, data=08 C7 01 12 3E 0A 3C 08 00 10 A0 1F 82 FA 01 33 08 92 4E 10 82 B5 E7 CA 0C 18 D2 9E 86 9C 06 20 03 32 20 08 0C CA 8A 3B 1A 08 0C 10 01 18 82 B5 E7 CA 0C 20 D2 9E 86 9C 06 30 0D 40 00 48 80 9F 80 97 06[0m
[0m2022-07-26 16:20:03 V/Net 3378109058: Recv: friendlist.getFriendGroupList[0m
[0m2022-07-26 16:20:03 V/Net 3378109058: Loading friend list: 150/157[0m
[0m2022-07-26 16:20:03 V/Net 3378109058: Send: friendlist.getFriendGroupList(friendlist.getFriendGroupList)[0m
[0m2022-07-26 16:20:04 V/Net 3378109058: Recv: friendlist.GetTroopListReqV2[0m
[0m2022-07-26 16:20:04 V/Net 3378109058: Send: friendlist.GetTroopMemberListReq(friendlist.GetTroopMemberListReq)[0m
[0m2022-07-26 16:20:04 V/Net 3378109058: Send: friendlist.GetTroopMemberListReq(friendlist.GetTroopMemberListReq)[0m
[0m2022-07-26 16:20:04 V/Net 3378109058: Send: friendlist.GetTroopMemberListReq(friendlist.GetTroopMemberListReq)[0m
[0m2022-07-26 16:20:04 V/Net 3378109058: Send: friendlist.GetTroopMemberListReq(friendlist.GetTroopMemberListReq)[0m
[0m2022-07-26 16:20:04 V/Net 3378109058: Send: friendlist.GetTroopMemberListReq(friendlist.GetTroopMemberListReq)[0m
[0m2022-07-26 16:20:04 V/Net 3378109058: Send: friendlist.GetTroopMemberListReq(friendlist.GetTroopMemberListReq)[0m
[0m2022-07-26 16:20:04 V/Net 3378109058: Send: friendlist.GetTroopMemberListReq(friendlist.GetTroopMemberListReq)[0m
[0m2022-07-26 16:20:04 V/Net 3378109058: Send: friendlist.GetTroopMemberListReq(friendlist.GetTroopMemberListReq)[0m
[0m2022-07-26 16:20:04 V/Net 3378109058: Send: friendlist.GetTroopMemberListReq(friendlist.GetTroopMemberListReq)[0m
[0m2022-07-26 16:20:04 V/Net 3378109058: Send: friendlist.GetTroopMemberListReq(friendlist.GetTroopMemberListReq)[0m
[0m2022-07-26 16:20:04 V/Net 3378109058: Send: friendlist.GetTroopMemberListReq(friendlist.GetTroopMemberListReq)[0m
[0m2022-07-26 16:20:04 V/Net 3378109058: Send: friendlist.GetTroopMemberListReq(friendlist.GetTroopMemberListReq)[0m
[0m2022-07-26 16:20:04 V/Net 3378109058: Send: friendlist.GetTroopMemberListReq(friendlist.GetTroopMemberListReq)[0m
[0m2022-07-26 16:20:04 V/Net 3378109058: Send: friendlist.GetTroopMemberListReq(friendlist.GetTroopMemberListReq)[0m
[0m2022-07-26 16:20:04 V/Net 3378109058: Send: friendlist.GetTroopMemberListReq(friendlist.GetTroopMemberListReq)[0m
[0m2022-07-26 16:20:04 V/Net 3378109058: Send: friendlist.GetTroopMemberListReq(friendlist.GetTroopMemberListReq)[0m
[0m2022-07-26 16:20:04 V/Net 3378109058: Send: friendlist.GetTroopMemberListReq(friendlist.GetTroopMemberListReq)[0m
[0m2022-07-26 16:20:04 V/Net 3378109058: Send: friendlist.GetTroopMemberListReq(friendlist.GetTroopMemberListReq)[0m
[0m2022-07-26 16:20:04 V/Net 3378109058: Send: friendlist.GetTroopMemberListReq(friendlist.GetTroopMemberListReq)[0m
[0m2022-07-26 16:20:04 V/Net 3378109058: Send: friendlist.GetTroopMemberListReq(friendlist.GetTroopMemberListReq)[0m
[0m2022-07-26 16:20:04 V/Net 3378109058: Send: friendlist.GetTroopMemberListReq(friendlist.GetTroopMemberListReq)[0m
[0m2022-07-26 16:20:04 V/Net 3378109058: Send: friendlist.GetTroopMemberListReq(friendlist.GetTroopMemberListReq)[0m
[0m2022-07-26 16:20:04 V/Net 3378109058: Send: friendlist.GetTroopMemberListReq(friendlist.GetTroopMemberListReq)[0m
[0m2022-07-26 16:20:04 V/Net 3378109058: Send: friendlist.GetTroopMemberListReq(friendlist.GetTroopMemberListReq)[0m
[0m2022-07-26 16:20:04 V/Net 3378109058: Send: friendlist.GetTroopMemberListReq(friendlist.GetTroopMemberListReq)[0m
[0m2022-07-26 16:20:04 V/Net 3378109058: Send: friendlist.GetTroopMemberListReq(friendlist.GetTroopMemberListReq)[0m
[0m2022-07-26 16:20:04 V/Net 3378109058: Recv: friendlist.getFriendGroupList[0m
[0m2022-07-26 16:20:04 V/Net 3378109058: Send: friendlist.GetTroopMemberListReq(friendlist.GetTroopMemberListReq)[0m
[0m2022-07-26 16:20:04 V/Net 3378109058: Loading friend list: 157/157[0m
[0m2022-07-26 16:20:04 V/Net 3378109058: Send: friendlist.GetTroopMemberListReq(friendlist.GetTroopMemberListReq)[0m
[0m2022-07-26 16:20:04 V/Net 3378109058: Send: friendlist.GetTroopMemberListReq(friendlist.GetTroopMemberListReq)[0m
[0m2022-07-26 16:20:04 V/Net 3378109058: Send: friendlist.GetTroopMemberListReq(friendlist.GetTroopMemberListReq)[0m
[92m2022-07-26 16:20:04 I/Net 3378109058: Successfully loaded friend list: 157 in total[0m
[0m2022-07-26 16:20:04 V/Net 3378109058: Recv: friendlist.GetTroopMemberListReq[0m
[0m2022-07-26 16:20:04 V/Net 3378109058: Send: friendlist.GetTroopMemberListReq(friendlist.GetTroopMemberListReq)[0m
[0m2022-07-26 16:20:04 V/Net 3378109058: Recv: friendlist.GetTroopMemberListReq[0m
[0m2022-07-26 16:20:04 V/Net 3378109058: Recv: friendlist.GetTroopMemberListReq[0m
[0m2022-07-26 16:20:04 V/Net 3378109058: Send: friendlist.GetTroopMemberListReq(friendlist.GetTroopMemberListReq)[0m
[0m2022-07-26 16:20:04 V/Net 3378109058: Send: friendlist.GetTroopMemberListReq(friendlist.GetTroopMemberListReq)[0m
[0m2022-07-26 16:20:04 V/Net 3378109058: Recv: friendlist.GetTroopMemberListReq[0m
[0m2022-07-26 16:20:04 V/Net 3378109058: Send: friendlist.GetTroopMemberListReq(friendlist.GetTroopMemberListReq)[0m
[0m2022-07-26 16:20:04 V/Net 3378109058: Recv: friendlist.GetTroopMemberListReq[0m
[0m2022-07-26 16:20:04 V/Net 3378109058: Send: friendlist.GetTroopMemberListReq(friendlist.GetTroopMemberListReq)[0m
[0m2022-07-26 16:20:04 V/Net 3378109058: Recv: friendlist.GetTroopMemberListReq[0m
[0m2022-07-26 16:20:04 V/Net 3378109058: Send: friendlist.GetTroopMemberListReq(friendlist.GetTroopMemberListReq)[0m
[0m2022-07-26 16:20:04 V/Net 3378109058: Recv: friendlist.GetTroopMemberListReq[0m
[0m2022-07-26 16:20:04 V/Net 3378109058: Send: friendlist.GetTroopMemberListReq(friendlist.GetTroopMemberListReq)[0m
[0m2022-07-26 16:20:04 V/Net 3378109058: Recv: friendlist.GetTroopMemberListReq[0m
[0m2022-07-26 16:20:04 V/Net 3378109058: Send: friendlist.GetTroopMemberListReq(friendlist.GetTroopMemberListReq)[0m
[0m2022-07-26 16:20:04 V/Net 3378109058: Recv: friendlist.GetTroopMemberListReq[0m
[0m2022-07-26 16:20:04 V/Net 3378109058: Recv: friendlist.GetTroopMemberListReq[0m
[0m2022-07-26 16:20:04 V/Net 3378109058: Send: friendlist.GetTroopMemberListReq(friendlist.GetTroopMemberListReq)[0m
[0m2022-07-26 16:20:04 V/Net 3378109058: Send: friendlist.GetTroopMemberListReq(friendlist.GetTroopMemberListReq)[0m
[0m2022-07-26 16:20:04 V/Net 3378109058: Recv: friendlist.GetTroopMemberListReq[0m
[0m2022-07-26 16:20:04 V/Net 3378109058: Recv: friendlist.GetTroopMemberListReq[0m
[0m2022-07-26 16:20:04 V/Net 3378109058: Send: friendlist.GetTroopMemberListReq(friendlist.GetTroopMemberListReq)[0m
[0m2022-07-26 16:20:04 V/Net 3378109058: Recv: friendlist.GetTroopMemberListReq[0m
[0m2022-07-26 16:20:04 V/Net 3378109058: Send: friendlist.GetTroopMemberListReq(friendlist.GetTroopMemberListReq)[0m
[0m2022-07-26 16:20:04 V/Net 3378109058: Recv: friendlist.GetTroopMemberListReq[0m
[0m2022-07-26 16:20:04 V/Net 3378109058: Send: friendlist.GetTroopMemberListReq(friendlist.GetTroopMemberListReq)[0m
[0m2022-07-26 16:20:04 V/Net 3378109058: Send: friendlist.GetTroopMemberListReq(friendlist.GetTroopMemberListReq)[0m
[0m2022-07-26 16:20:04 V/Net 3378109058: Recv: friendlist.GetTroopMemberListReq[0m
[0m2022-07-26 16:20:04 V/Net 3378109058: Send: friendlist.GetTroopMemberListReq(friendlist.GetTroopMemberListReq)[0m
[0m2022-07-26 16:20:04 V/Net 3378109058: Recv: friendlist.GetTroopMemberListReq[0m
[0m2022-07-26 16:20:04 V/Net 3378109058: Send: friendlist.GetTroopMemberListReq(friendlist.GetTroopMemberListReq)[0m
[0m2022-07-26 16:20:04 V/Net 3378109058: Recv: friendlist.GetTroopMemberListReq[0m
[0m2022-07-26 16:20:04 V/Net 3378109058: Send: friendlist.GetTroopMemberListReq(friendlist.GetTroopMemberListReq)[0m
[0m2022-07-26 16:20:04 V/Net 3378109058: Recv: friendlist.GetTroopMemberListReq[0m
[0m2022-07-26 16:20:04 V/Net 3378109058: Send: friendlist.GetTroopMemberListReq(friendlist.GetTroopMemberListReq)[0m
[0m2022-07-26 16:20:04 V/Net 3378109058: Recv: friendlist.GetTroopMemberListReq[0m
[0m2022-07-26 16:20:04 V/Net 3378109058: Send: friendlist.GetTroopMemberListReq(friendlist.GetTroopMemberListReq)[0m
[0m2022-07-26 16:20:04 V/Net 3378109058: Recv: friendlist.GetTroopMemberListReq[0m
[0m2022-07-26 16:20:04 V/Net 3378109058: Recv: friendlist.GetTroopMemberListReq[0m
[0m2022-07-26 16:20:04 V/Net 3378109058: Recv: friendlist.GetTroopMemberListReq[0m
[0m2022-07-26 16:20:04 V/Net 3378109058: Send: friendlist.GetTroopMemberListReq(friendlist.GetTroopMemberListReq)[0m
[0m2022-07-26 16:20:04 V/Net 3378109058: Send: friendlist.GetTroopMemberListReq(friendlist.GetTroopMemberListReq)[0m
[0m2022-07-26 16:20:04 V/Net 3378109058: Recv: friendlist.GetTroopMemberListReq[0m
[0m2022-07-26 16:20:04 V/Net 3378109058: Send: friendlist.GetTroopMemberListReq(friendlist.GetTroopMemberListReq)[0m
[0m2022-07-26 16:20:04 V/Net 3378109058: Recv: friendlist.GetTroopMemberListReq[0m
[0m2022-07-26 16:20:04 V/Net 3378109058: Send: friendlist.GetTroopMemberListReq(friendlist.GetTroopMemberListReq)[0m
[0m2022-07-26 16:20:04 V/Net 3378109058: Send: friendlist.GetTroopMemberListReq(friendlist.GetTroopMemberListReq)[0m
[0m2022-07-26 16:20:04 V/Net 3378109058: Recv: friendlist.GetTroopMemberListReq[0m
[0m2022-07-26 16:20:04 V/Net 3378109058: Send: friendlist.GetTroopMemberListReq(friendlist.GetTroopMemberListReq)[0m
[92m2022-07-26 16:20:04 I/Net 3378109058: Syncing friend message history: Success.[0m
[0m2022-07-26 16:20:04 V/Net 3378109058: Recv: friendlist.GetTroopMemberListReq[0m
[0m2022-07-26 16:20:04 V/Net 3378109058: Send: friendlist.GetTroopMemberListReq(friendlist.GetTroopMemberListReq)[0m
[0m2022-07-26 16:20:04 V/Net 3378109058: Recv: friendlist.GetTroopMemberListReq[0m
[0m2022-07-26 16:20:04 V/Net 3378109058: Send: friendlist.GetTroopMemberListReq(friendlist.GetTroopMemberListReq)[0m
[0m2022-07-26 16:20:04 V/Net 3378109058: Recv: friendlist.GetTroopMemberListReq[0m
[0m2022-07-26 16:20:04 V/Net 3378109058: Send: friendlist.GetTroopMemberListReq(friendlist.GetTroopMemberListReq)[0m
[0m2022-07-26 16:20:04 V/Net 3378109058: Recv: friendlist.GetTroopMemberListReq[0m
[0m2022-07-26 16:20:04 V/Net 3378109058: Send: friendlist.GetTroopMemberListReq(friendlist.GetTroopMemberListReq)[0m
[0m2022-07-26 16:20:04 V/Net 3378109058: Recv: friendlist.GetTroopMemberListReq[0m
[0m2022-07-26 16:20:04 V/Net 3378109058: Recv: friendlist.GetTroopMemberListReq[0m
[0m2022-07-26 16:20:04 V/Net 3378109058: Send: friendlist.GetTroopMemberListReq(friendlist.GetTroopMemberListReq)[0m
[0m2022-07-26 16:20:04 V/Net 3378109058: Send: friendlist.GetTroopMemberListReq(friendlist.GetTroopMemberListReq)[0m
[0m2022-07-26 16:20:04 V/Net 3378109058: Recv: friendlist.GetTroopMemberListReq[0m
[0m2022-07-26 16:20:04 V/Net 3378109058: Send: friendlist.GetTroopMemberListReq(friendlist.GetTroopMemberListReq)[0m
[0m2022-07-26 16:20:04 V/Net 3378109058: Recv: friendlist.GetTroopMemberListReq[0m
[0m2022-07-26 16:20:04 V/Net 3378109058: Send: friendlist.GetTroopMemberListReq(friendlist.GetTroopMemberListReq)[0m
[0m2022-07-26 16:20:04 V/Net 3378109058: Recv: friendlist.GetTroopMemberListReq[0m
[0m2022-07-26 16:20:04 V/Net 3378109058: Send: friendlist.GetTroopMemberListReq(friendlist.GetTroopMemberListReq)[0m
[0m2022-07-26 16:20:04 V/Net 3378109058: Recv: friendlist.GetTroopMemberListReq[0m
[0m2022-07-26 16:20:04 V/Net 3378109058: Send: friendlist.GetTroopMemberListReq(friendlist.GetTroopMemberListReq)[0m
[0m2022-07-26 16:20:04 V/Net 3378109058: Recv: friendlist.GetTroopMemberListReq[0m
[0m2022-07-26 16:20:04 V/Net 3378109058: Send: friendlist.GetTroopMemberListReq(friendlist.GetTroopMemberListReq)[0m
[0m2022-07-26 16:20:04 V/Net 3378109058: Recv: friendlist.GetTroopMemberListReq[0m
[0m2022-07-26 16:20:04 V/Net 3378109058: Send: friendlist.GetTroopMemberListReq(friendlist.GetTroopMemberListReq)[0m
[0m2022-07-26 16:20:04 V/Net 3378109058: Recv: friendlist.GetTroopMemberListReq[0m
[0m2022-07-26 16:20:04 V/Net 3378109058: Send: friendlist.GetTroopMemberListReq(friendlist.GetTroopMemberListReq)[0m
[0m2022-07-26 16:20:04 V/Net 3378109058: Recv: friendlist.GetTroopMemberListReq[0m
[0m2022-07-26 16:20:04 V/Net 3378109058: Recv: friendlist.GetTroopMemberListReq[0m
[0m2022-07-26 16:20:04 V/Net 3378109058: Send: friendlist.GetTroopMemberListReq(friendlist.GetTroopMemberListReq)[0m
[0m2022-07-26 16:20:04 V/Net 3378109058: Send: friendlist.GetTroopMemberListReq(friendlist.GetTroopMemberListReq)[0m
[0m2022-07-26 16:20:04 V/Net 3378109058: Recv: friendlist.GetTroopMemberListReq[0m
[0m2022-07-26 16:20:04 V/Net 3378109058: Recv: friendlist.GetTroopMemberListReq[0m
[0m2022-07-26 16:20:04 V/Net 3378109058: Send: friendlist.GetTroopMemberListReq(friendlist.GetTroopMemberListReq)[0m
[0m2022-07-26 16:20:04 V/Net 3378109058: Send: friendlist.GetTroopMemberListReq(friendlist.GetTroopMemberListReq)[0m
[0m2022-07-26 16:20:04 V/Net 3378109058: Send: friendlist.GetTroopMemberListReq(friendlist.GetTroopMemberListReq)[0m
[0m2022-07-26 16:20:04 V/Net 3378109058: Recv: friendlist.GetTroopMemberListReq[0m
[0m2022-07-26 16:20:04 V/Net 3378109058: Recv: friendlist.GetTroopMemberListReq[0m
[0m2022-07-26 16:20:04 V/Net 3378109058: Send: friendlist.GetTroopMemberListReq(friendlist.GetTroopMemberListReq)[0m
[0m2022-07-26 16:20:05 V/Net 3378109058: Recv: friendlist.GetTroopMemberListReq[0m
[0m2022-07-26 16:20:05 V/Net 3378109058: Send: friendlist.GetTroopMemberListReq(friendlist.GetTroopMemberListReq)[0m
[0m2022-07-26 16:20:05 V/Net 3378109058: Recv: friendlist.GetTroopMemberListReq[0m
[0m2022-07-26 16:20:05 V/Net 3378109058: Send: friendlist.GetTroopMemberListReq(friendlist.GetTroopMemberListReq)[0m
[0m2022-07-26 16:20:05 V/Net 3378109058: Recv: friendlist.GetTroopMemberListReq[0m
[0m2022-07-26 16:20:05 V/Net 3378109058: Send: friendlist.GetTroopMemberListReq(friendlist.GetTroopMemberListReq)[0m
[0m2022-07-26 16:20:05 V/Net 3378109058: Recv: friendlist.GetTroopMemberListReq[0m
[0m2022-07-26 16:20:05 V/Net 3378109058: Send: friendlist.GetTroopMemberListReq(friendlist.GetTroopMemberListReq)[0m
[0m2022-07-26 16:20:05 V/Net 3378109058: Recv: friendlist.GetTroopMemberListReq[0m
[0m2022-07-26 16:20:05 V/Net 3378109058: Recv: friendlist.GetTroopMemberListReq[0m
[0m2022-07-26 16:20:05 V/Net 3378109058: Send: friendlist.GetTroopMemberListReq(friendlist.GetTroopMemberListReq)[0m
[0m2022-07-26 16:20:05 V/Net 3378109058: Send: friendlist.GetTroopMemberListReq(friendlist.GetTroopMemberListReq)[0m
[0m2022-07-26 16:20:05 V/Net 3378109058: Recv: friendlist.GetTroopMemberListReq[0m
[0m2022-07-26 16:20:05 V/Net 3378109058: Send: friendlist.GetTroopMemberListReq(friendlist.GetTroopMemberListReq)[0m
[0m2022-07-26 16:20:05 V/Net 3378109058: Recv: friendlist.GetTroopMemberListReq[0m
[0m2022-07-26 16:20:05 V/Net 3378109058: Send: friendlist.GetTroopMemberListReq(friendlist.GetTroopMemberListReq)[0m
[0m2022-07-26 16:20:05 V/Net 3378109058: Recv: friendlist.GetTroopMemberListReq[0m
[0m2022-07-26 16:20:05 V/Net 3378109058: Send: friendlist.GetTroopMemberListReq(friendlist.GetTroopMemberListReq)[0m
[0m2022-07-26 16:20:05 V/Net 3378109058: Recv: friendlist.GetTroopMemberListReq[0m
[0m2022-07-26 16:20:05 V/Net 3378109058: Send: friendlist.GetTroopMemberListReq(friendlist.GetTroopMemberListReq)[0m
[0m2022-07-26 16:20:05 V/Net 3378109058: Recv: friendlist.GetTroopMemberListReq[0m
[0m2022-07-26 16:20:05 V/Net 3378109058: Recv: friendlist.GetTroopMemberListReq[0m
[0m2022-07-26 16:20:05 V/Net 3378109058: Send: friendlist.GetTroopMemberListReq(friendlist.GetTroopMemberListReq)[0m
[0m2022-07-26 16:20:05 V/Net 3378109058: Send: friendlist.GetTroopMemberListReq(friendlist.GetTroopMemberListReq)[0m
[0m2022-07-26 16:20:05 V/Net 3378109058: Recv: friendlist.GetTroopMemberListReq[0m
[0m2022-07-26 16:20:05 V/Net 3378109058: Send: friendlist.GetTroopMemberListReq(friendlist.GetTroopMemberListReq)[0m
[0m2022-07-26 16:20:05 V/Net 3378109058: Recv: friendlist.GetTroopMemberListReq[0m
[0m2022-07-26 16:20:05 V/Net 3378109058: Recv: friendlist.GetTroopMemberListReq[0m
[0m2022-07-26 16:20:05 V/Net 3378109058: Recv: friendlist.GetTroopMemberListReq[0m
[0m2022-07-26 16:20:05 V/Net 3378109058: Send: friendlist.GetTroopMemberListReq(friendlist.GetTroopMemberListReq)[0m
[0m2022-07-26 16:20:05 V/Net 3378109058: Send: friendlist.GetTroopMemberListReq(friendlist.GetTroopMemberListReq)[0m
[0m2022-07-26 16:20:05 V/Net 3378109058: Send: friendlist.GetTroopMemberListReq(friendlist.GetTroopMemberListReq)[0m
[0m2022-07-26 16:20:05 V/Net 3378109058: Recv: friendlist.GetTroopMemberListReq[0m
[0m2022-07-26 16:20:05 V/Net 3378109058: Recv: friendlist.GetTroopMemberListReq[0m
[0m2022-07-26 16:20:05 V/Net 3378109058: Send: friendlist.GetTroopMemberListReq(friendlist.GetTroopMemberListReq)[0m
[0m2022-07-26 16:20:05 V/Net 3378109058: Send: friendlist.GetTroopMemberListReq(friendlist.GetTroopMemberListReq)[0m
[0m2022-07-26 16:20:05 V/Net 3378109058: Recv: friendlist.GetTroopMemberListReq[0m
[0m2022-07-26 16:20:05 V/Net 3378109058: Send: friendlist.GetTroopMemberListReq(friendlist.GetTroopMemberListReq)[0m
[0m2022-07-26 16:20:05 V/Net 3378109058: Recv: friendlist.GetTroopMemberListReq[0m
[0m2022-07-26 16:20:05 V/Net 3378109058: Send: friendlist.GetTroopMemberListReq(friendlist.GetTroopMemberListReq)[0m
[0m2022-07-26 16:20:05 V/Net 3378109058: Recv: friendlist.GetTroopMemberListReq[0m
[0m2022-07-26 16:20:05 V/Net 3378109058: Send: friendlist.GetTroopMemberListReq(friendlist.GetTroopMemberListReq)[0m
[0m2022-07-26 16:20:05 V/Net 3378109058: Recv: friendlist.GetTroopMemberListReq[0m
[0m2022-07-26 16:20:05 V/Net 3378109058: Send: friendlist.GetTroopMemberListReq(friendlist.GetTroopMemberListReq)[0m
[0m2022-07-26 16:20:05 V/Net 3378109058: Recv: friendlist.GetTroopMemberListReq[0m
[0m2022-07-26 16:20:05 V/Net 3378109058: Send: friendlist.GetTroopMemberListReq(friendlist.GetTroopMemberListReq)[0m
[0m2022-07-26 16:20:05 V/Net 3378109058: Recv: friendlist.GetTroopMemberListReq[0m
[0m2022-07-26 16:20:05 V/Net 3378109058: Recv: friendlist.GetTroopMemberListReq[0m
[0m2022-07-26 16:20:05 V/Net 3378109058: Send: friendlist.GetTroopMemberListReq(friendlist.GetTroopMemberListReq)[0m
[0m2022-07-26 16:20:05 V/Net 3378109058: Send: friendlist.GetTroopMemberListReq(friendlist.GetTroopMemberListReq)[0m
[0m2022-07-26 16:20:05 V/Net 3378109058: Recv: friendlist.GetTroopMemberListReq[0m
[0m2022-07-26 16:20:05 V/Net 3378109058: Send: friendlist.GetTroopMemberListReq(friendlist.GetTroopMemberListReq)[0m
[0m2022-07-26 16:20:05 V/Net 3378109058: Recv: friendlist.GetTroopMemberListReq[0m
[0m2022-07-26 16:20:05 V/Net 3378109058: Recv: friendlist.GetTroopMemberListReq[0m
[0m2022-07-26 16:20:05 V/Net 3378109058: Send: friendlist.GetTroopMemberListReq(friendlist.GetTroopMemberListReq)[0m
[0m2022-07-26 16:20:05 V/Net 3378109058: Send: friendlist.GetTroopMemberListReq(friendlist.GetTroopMemberListReq)[0m
[0m2022-07-26 16:20:05 V/Net 3378109058: Recv: friendlist.GetTroopMemberListReq[0m
[0m2022-07-26 16:20:05 V/Net 3378109058: Send: friendlist.GetTroopMemberListReq(friendlist.GetTroopMemberListReq)[0m
[0m2022-07-26 16:20:05 V/Net 3378109058: Recv: friendlist.GetTroopMemberListReq[0m
[0m2022-07-26 16:20:05 V/Net 3378109058: Send: friendlist.GetTroopMemberListReq(friendlist.GetTroopMemberListReq)[0m
[0m2022-07-26 16:20:05 V/Net 3378109058: Recv: friendlist.GetTroopMemberListReq[0m
[0m2022-07-26 16:20:05 V/Net 3378109058: Send: friendlist.GetTroopMemberListReq(friendlist.GetTroopMemberListReq)[0m
[0m2022-07-26 16:20:05 V/Net 3378109058: Recv: friendlist.GetTroopMemberListReq[0m
[0m2022-07-26 16:20:05 V/Net 3378109058: Send: friendlist.GetTroopMemberListReq(friendlist.GetTroopMemberListReq)[0m
[0m2022-07-26 16:20:05 V/Net 3378109058: Recv: friendlist.GetTroopMemberListReq[0m
[0m2022-07-26 16:20:05 V/Net 3378109058: Send: friendlist.GetTroopMemberListReq(friendlist.GetTroopMemberListReq)[0m
[0m2022-07-26 16:20:05 V/Net 3378109058: Recv: friendlist.GetTroopMemberListReq[0m
[0m2022-07-26 16:20:05 V/Net 3378109058: Send: friendlist.GetTroopMemberListReq(friendlist.GetTroopMemberListReq)[0m
[0m2022-07-26 16:20:05 V/Net 3378109058: Recv: friendlist.GetTroopMemberListReq[0m
[0m2022-07-26 16:20:05 V/Net 3378109058: Recv: friendlist.GetTroopMemberListReq[0m
[0m2022-07-26 16:20:05 V/Net 3378109058: Send: friendlist.GetTroopMemberListReq(friendlist.GetTroopMemberListReq)[0m
[0m2022-07-26 16:20:05 V/Net 3378109058: Send: friendlist.GetTroopMemberListReq(friendlist.GetTroopMemberListReq)[0m
[0m2022-07-26 16:20:05 V/Net 3378109058: Recv: friendlist.GetTroopMemberListReq[0m
[0m2022-07-26 16:20:05 V/Net 3378109058: Recv: friendlist.GetTroopMemberListReq[0m
[0m2022-07-26 16:20:05 V/Net 3378109058: Send: friendlist.GetTroopMemberListReq(friendlist.GetTroopMemberListReq)[0m
[0m2022-07-26 16:20:05 V/Net 3378109058: Send: friendlist.GetTroopMemberListReq(friendlist.GetTroopMemberListReq)[0m
[0m2022-07-26 16:20:05 V/Net 3378109058: Recv: friendlist.GetTroopMemberListReq[0m
[0m2022-07-26 16:20:05 V/Net 3378109058: Send: friendlist.GetTroopMemberListReq(friendlist.GetTroopMemberListReq)[0m
[0m2022-07-26 16:20:05 V/Net 3378109058: Recv: friendlist.GetTroopMemberListReq[0m
[0m2022-07-26 16:20:05 V/Net 3378109058: Send: friendlist.GetTroopMemberListReq(friendlist.GetTroopMemberListReq)[0m
[0m2022-07-26 16:20:05 V/Net 3378109058: Recv: friendlist.GetTroopMemberListReq[0m
[0m2022-07-26 16:20:05 V/Net 3378109058: Send: friendlist.GetTroopMemberListReq(friendlist.GetTroopMemberListReq)[0m
[0m2022-07-26 16:20:05 V/Net 3378109058: Recv: friendlist.GetTroopMemberListReq[0m
[0m2022-07-26 16:20:05 V/Net 3378109058: Send: friendlist.GetTroopMemberListReq(friendlist.GetTroopMemberListReq)[0m
[0m2022-07-26 16:20:05 V/Net 3378109058: Recv: friendlist.GetTroopMemberListReq[0m
[0m2022-07-26 16:20:05 V/Net 3378109058: Send: friendlist.GetTroopMemberListReq(friendlist.GetTroopMemberListReq)[0m
[0m2022-07-26 16:20:05 V/Net 3378109058: Recv: friendlist.GetTroopMemberListReq[0m
[0m2022-07-26 16:20:05 V/Net 3378109058: Send: friendlist.GetTroopMemberListReq(friendlist.GetTroopMemberListReq)[0m
[0m2022-07-26 16:20:05 V/Net 3378109058: Recv: friendlist.GetTroopMemberListReq[0m
[0m2022-07-26 16:20:05 V/Net 3378109058: Send: friendlist.GetTroopMemberListReq(friendlist.GetTroopMemberListReq)[0m
[0m2022-07-26 16:20:05 V/Net 3378109058: Recv: friendlist.GetTroopMemberListReq[0m
[0m2022-07-26 16:20:05 V/Net 3378109058: Send: friendlist.GetTroopMemberListReq(friendlist.GetTroopMemberListReq)[0m
[0m2022-07-26 16:20:05 V/Net 3378109058: Recv: friendlist.GetTroopMemberListReq[0m
[0m2022-07-26 16:20:05 V/Net 3378109058: Send: friendlist.GetTroopMemberListReq(friendlist.GetTroopMemberListReq)[0m
[0m2022-07-26 16:20:05 V/Net 3378109058: Recv: friendlist.GetTroopMemberListReq[0m
[0m2022-07-26 16:20:05 V/Net 3378109058: Send: friendlist.GetTroopMemberListReq(friendlist.GetTroopMemberListReq)[0m
[0m2022-07-26 16:20:05 V/Net 3378109058: Recv: friendlist.GetTroopMemberListReq[0m
[0m2022-07-26 16:20:05 V/Net 3378109058: Send: friendlist.GetTroopMemberListReq(friendlist.GetTroopMemberListReq)[0m
[0m2022-07-26 16:20:05 V/Net 3378109058: Recv: friendlist.GetTroopMemberListReq[0m
[0m2022-07-26 16:20:05 V/Net 3378109058: Send: friendlist.GetTroopMemberListReq(friendlist.GetTroopMemberListReq)[0m
[0m2022-07-26 16:20:05 V/Net 3378109058: Recv: friendlist.GetTroopMemberListReq[0m
[0m2022-07-26 16:20:05 V/Net 3378109058: Send: friendlist.GetTroopMemberListReq(friendlist.GetTroopMemberListReq)[0m
[0m2022-07-26 16:20:05 V/Net 3378109058: Recv: friendlist.GetTroopMemberListReq[0m
[0m2022-07-26 16:20:05 V/Net 3378109058: Send: friendlist.GetTroopMemberListReq(friendlist.GetTroopMemberListReq)[0m
[0m2022-07-26 16:20:05 V/Net 3378109058: Send: friendlist.GetTroopMemberListReq(friendlist.GetTroopMemberListReq)[0m
[0m2022-07-26 16:20:05 V/Net 3378109058: Recv: friendlist.GetTroopMemberListReq[0m
[0m2022-07-26 16:20:05 V/Net 3378109058: Recv: friendlist.GetTroopMemberListReq[0m
[0m2022-07-26 16:20:05 V/Net 3378109058: Recv: friendlist.GetTroopMemberListReq[0m
[0m2022-07-26 16:20:05 V/Net 3378109058: Recv: friendlist.GetTroopMemberListReq[0m
[0m2022-07-26 16:20:05 V/Net 3378109058: Send: friendlist.GetTroopMemberListReq(friendlist.GetTroopMemberListReq)[0m
[0m2022-07-26 16:20:05 V/Net 3378109058: Send: friendlist.GetTroopMemberListReq(friendlist.GetTroopMemberListReq)[0m
[0m2022-07-26 16:20:05 V/Net 3378109058: Send: friendlist.GetTroopMemberListReq(friendlist.GetTroopMemberListReq)[0m
[0m2022-07-26 16:20:05 V/Net 3378109058: Recv: friendlist.GetTroopMemberListReq[0m
[0m2022-07-26 16:20:05 V/Net 3378109058: Send: friendlist.GetTroopMemberListReq(friendlist.GetTroopMemberListReq)[0m
[0m2022-07-26 16:20:05 V/Net 3378109058: Recv: friendlist.GetTroopMemberListReq[0m
[0m2022-07-26 16:20:05 V/Net 3378109058: Send: friendlist.GetTroopMemberListReq(friendlist.GetTroopMemberListReq)[0m
[0m2022-07-26 16:20:05 V/Net 3378109058: Recv: friendlist.GetTroopMemberListReq[0m
[0m2022-07-26 16:20:05 V/Net 3378109058: Send: friendlist.GetTroopMemberListReq(friendlist.GetTroopMemberListReq)[0m
[0m2022-07-26 16:20:05 V/Net 3378109058: Recv: friendlist.GetTroopMemberListReq[0m
[0m2022-07-26 16:20:05 V/Net 3378109058: Send: friendlist.GetTroopMemberListReq(friendlist.GetTroopMemberListReq)[0m
[0m2022-07-26 16:20:05 V/Net 3378109058: Recv: friendlist.GetTroopMemberListReq[0m
[0m2022-07-26 16:20:05 V/Net 3378109058: Send: friendlist.GetTroopMemberListReq(friendlist.GetTroopMemberListReq)[0m
[0m2022-07-26 16:20:05 V/Net 3378109058: Recv: friendlist.GetTroopMemberListReq[0m
[0m2022-07-26 16:20:05 V/Net 3378109058: Send: friendlist.GetTroopMemberListReq(friendlist.GetTroopMemberListReq)[0m
[0m2022-07-26 16:20:05 V/Net 3378109058: Recv: friendlist.GetTroopMemberListReq[0m
[0m2022-07-26 16:20:05 V/Net 3378109058: Send: friendlist.GetTroopMemberListReq(friendlist.GetTroopMemberListReq)[0m
[0m2022-07-26 16:20:05 V/Net 3378109058: Recv: friendlist.GetTroopMemberListReq[0m
[0m2022-07-26 16:20:05 V/Net 3378109058: Send: friendlist.GetTroopMemberListReq(friendlist.GetTroopMemberListReq)[0m
[0m2022-07-26 16:20:05 V/Net 3378109058: Recv: friendlist.GetTroopMemberListReq[0m
[0m2022-07-26 16:20:05 V/Net 3378109058: Send: friendlist.GetTroopMemberListReq(friendlist.GetTroopMemberListReq)[0m
[0m2022-07-26 16:20:05 V/Net 3378109058: Send: friendlist.GetTroopMemberListReq(friendlist.GetTroopMemberListReq)[0m
[0m2022-07-26 16:20:05 V/Net 3378109058: Recv: friendlist.GetTroopMemberListReq[0m
[0m2022-07-26 16:20:05 V/Net 3378109058: Send: friendlist.GetTroopMemberListReq(friendlist.GetTroopMemberListReq)[0m
[0m2022-07-26 16:20:05 V/Net 3378109058: Recv: friendlist.GetTroopMemberListReq[0m
[0m2022-07-26 16:20:05 V/Net 3378109058: Send: friendlist.GetTroopMemberListReq(friendlist.GetTroopMemberListReq)[0m
[0m2022-07-26 16:20:05 V/Net 3378109058: Recv: friendlist.GetTroopMemberListReq[0m
[0m2022-07-26 16:20:05 V/Net 3378109058: Recv: friendlist.GetTroopMemberListReq[0m
[0m2022-07-26 16:20:05 V/Net 3378109058: Recv: friendlist.GetTroopMemberListReq[0m
[0m2022-07-26 16:20:05 V/Net 3378109058: Send: friendlist.GetTroopMemberListReq(friendlist.GetTroopMemberListReq)[0m
[0m2022-07-26 16:20:05 V/Net 3378109058: Send: friendlist.GetTroopMemberListReq(friendlist.GetTroopMemberListReq)[0m
[0m2022-07-26 16:20:05 V/Net 3378109058: Recv: friendlist.GetTroopMemberListReq[0m
[0m2022-07-26 16:20:05 V/Net 3378109058: Send: friendlist.GetTroopMemberListReq(friendlist.GetTroopMemberListReq)[0m
[0m2022-07-26 16:20:05 V/Net 3378109058: Recv: friendlist.GetTroopMemberListReq[0m
[0m2022-07-26 16:20:05 V/Net 3378109058: Send: friendlist.GetTroopMemberListReq(friendlist.GetTroopMemberListReq)[0m
[0m2022-07-26 16:20:05 V/Net 3378109058: Recv: friendlist.GetTroopMemberListReq[0m
[0m2022-07-26 16:20:05 V/Net 3378109058: Send: friendlist.GetTroopMemberListReq(friendlist.GetTroopMemberListReq)[0m
[0m2022-07-26 16:20:05 V/Net 3378109058: Recv: friendlist.GetTroopMemberListReq[0m
[0m2022-07-26 16:20:05 V/Net 3378109058: Send: friendlist.GetTroopMemberListReq(friendlist.GetTroopMemberListReq)[0m
[0m2022-07-26 16:20:05 V/Net 3378109058: Recv: friendlist.GetTroopMemberListReq[0m
[0m2022-07-26 16:20:05 V/Net 3378109058: Send: friendlist.GetTroopMemberListReq(friendlist.GetTroopMemberListReq)[0m
[0m2022-07-26 16:20:05 V/Net 3378109058: Recv: friendlist.GetTroopMemberListReq[0m
[0m2022-07-26 16:20:05 V/Net 3378109058: Send: friendlist.GetTroopMemberListReq(friendlist.GetTroopMemberListReq)[0m
[0m2022-07-26 16:20:05 V/Net 3378109058: Recv: friendlist.GetTroopMemberListReq[0m
[0m2022-07-26 16:20:05 V/Net 3378109058: Recv: friendlist.GetTroopMemberListReq[0m
[0m2022-07-26 16:20:05 V/Net 3378109058: Send: friendlist.GetTroopMemberListReq(friendlist.GetTroopMemberListReq)[0m
[0m2022-07-26 16:20:05 V/Net 3378109058: Send: friendlist.GetTroopMemberListReq(friendlist.GetTroopMemberListReq)[0m
[0m2022-07-26 16:20:05 V/Net 3378109058: Recv: friendlist.GetTroopMemberListReq[0m
[0m2022-07-26 16:20:05 V/Net 3378109058: Send: friendlist.GetTroopMemberListReq(friendlist.GetTroopMemberListReq)[0m
[0m2022-07-26 16:20:05 V/Net 3378109058: Recv: friendlist.GetTroopMemberListReq[0m
[0m2022-07-26 16:20:05 V/Net 3378109058: Send: friendlist.GetTroopMemberListReq(friendlist.GetTroopMemberListReq)[0m
[0m2022-07-26 16:20:05 V/Net 3378109058: Recv: friendlist.GetTroopMemberListReq[0m
[0m2022-07-26 16:20:05 V/Net 3378109058: Send: friendlist.GetTroopMemberListReq(friendlist.GetTroopMemberListReq)[0m
[0m2022-07-26 16:20:05 V/Net 3378109058: Recv: friendlist.GetTroopMemberListReq[0m
[0m2022-07-26 16:20:05 V/Net 3378109058: Send: friendlist.GetTroopMemberListReq(friendlist.GetTroopMemberListReq)[0m
[0m2022-07-26 16:20:06 V/Net 3378109058: Recv: friendlist.GetTroopMemberListReq[0m
[0m2022-07-26 16:20:06 V/Net 3378109058: Send: friendlist.GetTroopMemberListReq(friendlist.GetTroopMemberListReq)[0m
[0m2022-07-26 16:20:06 V/Net 3378109058: Recv: friendlist.GetTroopMemberListReq[0m
[0m2022-07-26 16:20:06 V/Net 3378109058: Send: friendlist.GetTroopMemberListReq(friendlist.GetTroopMemberListReq)[0m
[0m2022-07-26 16:20:06 V/Net 3378109058: Recv: friendlist.GetTroopMemberListReq[0m
[0m2022-07-26 16:20:06 V/Net 3378109058: Send: friendlist.GetTroopMemberListReq(friendlist.GetTroopMemberListReq)[0m
[0m2022-07-26 16:20:06 V/Net 3378109058: Recv: friendlist.GetTroopMemberListReq[0m
[0m2022-07-26 16:20:06 V/Net 3378109058: Send: friendlist.GetTroopMemberListReq(friendlist.GetTroopMemberListReq)[0m
[0m2022-07-26 16:20:06 V/Net 3378109058: Recv: friendlist.GetTroopMemberListReq[0m
[0m2022-07-26 16:20:06 V/Net 3378109058: Send: friendlist.GetTroopMemberListReq(friendlist.GetTroopMemberListReq)[0m
[0m2022-07-26 16:20:06 V/Net 3378109058: Recv: friendlist.GetTroopMemberListReq[0m
[0m2022-07-26 16:20:06 V/Net 3378109058: Recv: friendlist.GetTroopMemberListReq[0m
[0m2022-07-26 16:20:06 V/Net 3378109058: Send: friendlist.GetTroopMemberListReq(friendlist.GetTroopMemberListReq)[0m
[0m2022-07-26 16:20:06 V/Net 3378109058: Send: friendlist.GetTroopMemberListReq(friendlist.GetTroopMemberListReq)[0m
[0m2022-07-26 16:20:06 V/Net 3378109058: Recv: friendlist.GetTroopMemberListReq[0m
[0m2022-07-26 16:20:06 V/Net 3378109058: Send: friendlist.GetTroopMemberListReq(friendlist.GetTroopMemberListReq)[0m
[0m2022-07-26 16:20:06 V/Net 3378109058: Recv: friendlist.GetTroopMemberListReq[0m
[0m2022-07-26 16:20:06 V/Net 3378109058: Recv: friendlist.GetTroopMemberListReq[0m
[0m2022-07-26 16:20:06 V/Net 3378109058: Send: friendlist.GetTroopMemberListReq(friendlist.GetTroopMemberListReq)[0m
[0m2022-07-26 16:20:06 V/Net 3378109058: Send: friendlist.GetTroopMemberListReq(friendlist.GetTroopMemberListReq)[0m
[0m2022-07-26 16:20:06 V/Net 3378109058: Recv: friendlist.GetTroopMemberListReq[0m
[0m2022-07-26 16:20:06 V/Net 3378109058: Send: friendlist.GetTroopMemberListReq(friendlist.GetTroopMemberListReq)[0m
[0m2022-07-26 16:20:06 V/Net 3378109058: Recv: friendlist.GetTroopMemberListReq[0m
[0m2022-07-26 16:20:06 V/Net 3378109058: Recv: friendlist.GetTroopMemberListReq[0m
[0m2022-07-26 16:20:06 V/Net 3378109058: Send: friendlist.GetTroopMemberListReq(friendlist.GetTroopMemberListReq)[0m
[0m2022-07-26 16:20:06 V/Net 3378109058: Send: friendlist.GetTroopMemberListReq(friendlist.GetTroopMemberListReq)[0m
[0m2022-07-26 16:20:06 V/Net 3378109058: Recv: friendlist.GetTroopMemberListReq[0m
[0m2022-07-26 16:20:06 V/Net 3378109058: Send: friendlist.GetTroopMemberListReq(friendlist.GetTroopMemberListReq)[0m
[0m2022-07-26 16:20:06 V/Net 3378109058: Recv: friendlist.GetTroopMemberListReq[0m
[0m2022-07-26 16:20:06 V/Net 3378109058: Send: friendlist.GetTroopMemberListReq(friendlist.GetTroopMemberListReq)[0m
[0m2022-07-26 16:20:06 V/Net 3378109058: Recv: friendlist.GetTroopMemberListReq[0m
[0m2022-07-26 16:20:06 V/Net 3378109058: Send: friendlist.GetTroopMemberListReq(friendlist.GetTroopMemberListReq)[0m
[0m2022-07-26 16:20:06 V/Net 3378109058: Recv: friendlist.GetTroopMemberListReq[0m
[0m2022-07-26 16:20:06 V/Net 3378109058: Send: friendlist.GetTroopMemberListReq(friendlist.GetTroopMemberListReq)[0m
[0m2022-07-26 16:20:06 V/Net 3378109058: Recv: friendlist.GetTroopMemberListReq[0m
[0m2022-07-26 16:20:06 V/Net 3378109058: Send: friendlist.GetTroopMemberListReq(friendlist.GetTroopMemberListReq)[0m
[0m2022-07-26 16:20:06 V/Net 3378109058: Recv: friendlist.GetTroopMemberListReq[0m
[0m2022-07-26 16:20:06 V/Net 3378109058: Recv: friendlist.GetTroopMemberListReq[0m
[0m2022-07-26 16:20:06 V/Net 3378109058: Send: friendlist.GetTroopMemberListReq(friendlist.GetTroopMemberListReq)[0m
[0m2022-07-26 16:20:06 V/Net 3378109058: Send: friendlist.GetTroopMemberListReq(friendlist.GetTroopMemberListReq)[0m
[0m2022-07-26 16:20:06 V/Net 3378109058: Recv: friendlist.GetTroopMemberListReq[0m
[0m2022-07-26 16:20:06 V/Net 3378109058: Send: friendlist.GetTroopMemberListReq(friendlist.GetTroopMemberListReq)[0m
[0m2022-07-26 16:20:06 V/Net 3378109058: Recv: friendlist.GetTroopMemberListReq[0m
[0m2022-07-26 16:20:06 V/Net 3378109058: Send: friendlist.GetTroopMemberListReq(friendlist.GetTroopMemberListReq)[0m
[0m2022-07-26 16:20:06 V/Net 3378109058: Recv: friendlist.GetTroopMemberListReq[0m
[0m2022-07-26 16:20:06 V/Net 3378109058: Send: friendlist.GetTroopMemberListReq(friendlist.GetTroopMemberListReq)[0m
[0m2022-07-26 16:20:06 V/Net 3378109058: Recv: friendlist.GetTroopMemberListReq[0m
[0m2022-07-26 16:20:06 V/Net 3378109058: Recv: friendlist.GetTroopMemberListReq[0m
[0m2022-07-26 16:20:06 V/Net 3378109058: Send: friendlist.GetTroopMemberListReq(friendlist.GetTroopMemberListReq)[0m
[0m2022-07-26 16:20:06 V/Net 3378109058: Send: friendlist.GetTroopMemberListReq(friendlist.GetTroopMemberListReq)[0m
[0m2022-07-26 16:20:06 V/Net 3378109058: Recv: friendlist.GetTroopMemberListReq[0m
[0m2022-07-26 16:20:06 V/Net 3378109058: Send: friendlist.GetTroopMemberListReq(friendlist.GetTroopMemberListReq)[0m
[0m2022-07-26 16:20:06 V/Net 3378109058: Recv: friendlist.GetTroopMemberListReq[0m
[0m2022-07-26 16:20:06 V/Net 3378109058: Send: friendlist.GetTroopMemberListReq(friendlist.GetTroopMemberListReq)[0m
[0m2022-07-26 16:20:06 V/Net 3378109058: Recv: friendlist.GetTroopMemberListReq[0m
[0m2022-07-26 16:20:06 V/Net 3378109058: Send: friendlist.GetTroopMemberListReq(friendlist.GetTroopMemberListReq)[0m
[0m2022-07-26 16:20:06 V/Net 3378109058: Recv: friendlist.GetTroopMemberListReq[0m
[0m2022-07-26 16:20:06 V/Net 3378109058: Send: friendlist.GetTroopMemberListReq(friendlist.GetTroopMemberListReq)[0m
[0m2022-07-26 16:20:06 V/Net 3378109058: Recv: friendlist.GetTroopMemberListReq[0m
[0m2022-07-26 16:20:06 V/Net 3378109058: Send: friendlist.GetTroopMemberListReq(friendlist.GetTroopMemberListReq)[0m
[0m2022-07-26 16:20:06 V/Net 3378109058: Recv: friendlist.GetTroopMemberListReq[0m
[0m2022-07-26 16:20:06 V/Net 3378109058: Recv: friendlist.GetTroopMemberListReq[0m
[0m2022-07-26 16:20:06 V/Net 3378109058: Recv: friendlist.GetTroopMemberListReq[0m
[0m2022-07-26 16:20:06 V/Net 3378109058: Recv: friendlist.GetTroopMemberListReq[0m
[0m2022-07-26 16:20:06 V/Net 3378109058: Send: friendlist.GetTroopMemberListReq(friendlist.GetTroopMemberListReq)[0m
[0m2022-07-26 16:20:06 V/Net 3378109058: Send: friendlist.GetTroopMemberListReq(friendlist.GetTroopMemberListReq)[0m
[0m2022-07-26 16:20:06 V/Net 3378109058: Send: friendlist.GetTroopMemberListReq(friendlist.GetTroopMemberListReq)[0m
[0m2022-07-26 16:20:06 V/Net 3378109058: Recv: friendlist.GetTroopMemberListReq[0m
[0m2022-07-26 16:20:06 V/Net 3378109058: Send: friendlist.GetTroopMemberListReq(friendlist.GetTroopMemberListReq)[0m
[0m2022-07-26 16:20:06 V/Net 3378109058: Send: friendlist.GetTroopMemberListReq(friendlist.GetTroopMemberListReq)[0m
[0m2022-07-26 16:20:06 V/Net 3378109058: Recv: friendlist.GetTroopMemberListReq[0m
[0m2022-07-26 16:20:06 V/Net 3378109058: Send: friendlist.GetTroopMemberListReq(friendlist.GetTroopMemberListReq)[0m
[0m2022-07-26 16:20:06 V/Net 3378109058: Recv: friendlist.GetTroopMemberListReq[0m
[0m2022-07-26 16:20:06 V/Net 3378109058: Send: friendlist.GetTroopMemberListReq(friendlist.GetTroopMemberListReq)[0m
[0m2022-07-26 16:20:06 V/Net 3378109058: Recv: friendlist.GetTroopMemberListReq[0m
[0m2022-07-26 16:20:06 V/Net 3378109058: Send: friendlist.GetTroopMemberListReq(friendlist.GetTroopMemberListReq)[0m
[0m2022-07-26 16:20:06 V/Net 3378109058: Recv: friendlist.GetTroopMemberListReq[0m
[0m2022-07-26 16:20:06 V/Net 3378109058: Recv: friendlist.GetTroopMemberListReq[0m
[0m2022-07-26 16:20:06 V/Net 3378109058: Recv: friendlist.GetTroopMemberListReq[0m
[0m2022-07-26 16:20:06 V/Net 3378109058: Send: friendlist.GetTroopMemberListReq(friendlist.GetTroopMemberListReq)[0m
[0m2022-07-26 16:20:06 V/Net 3378109058: Recv: friendlist.GetTroopMemberListReq[0m
[0m2022-07-26 16:20:06 V/Net 3378109058: Send: friendlist.GetTroopMemberListReq(friendlist.GetTroopMemberListReq)[0m
[0m2022-07-26 16:20:06 V/Net 3378109058: Send: friendlist.GetTroopMemberListReq(friendlist.GetTroopMemberListReq)[0m
[0m2022-07-26 16:20:06 V/Net 3378109058: Send: friendlist.GetTroopMemberListReq(friendlist.GetTroopMemberListReq)[0m
[0m2022-07-26 16:20:06 V/Net 3378109058: Recv: friendlist.GetTroopMemberListReq[0m
[0m2022-07-26 16:20:06 V/Net 3378109058: Send: friendlist.GetTroopMemberListReq(friendlist.GetTroopMemberListReq)[0m
[0m2022-07-26 16:20:06 V/Net 3378109058: Recv: friendlist.GetTroopMemberListReq[0m
[0m2022-07-26 16:20:06 V/Net 3378109058: Send: friendlist.GetTroopMemberListReq(friendlist.GetTroopMemberListReq)[0m
[0m2022-07-26 16:20:06 V/Net 3378109058: Recv: friendlist.GetTroopMemberListReq[0m
[0m2022-07-26 16:20:06 V/Net 3378109058: Send: friendlist.GetTroopMemberListReq(friendlist.GetTroopMemberListReq)[0m
[0m2022-07-26 16:20:06 V/Net 3378109058: Recv: friendlist.GetTroopMemberListReq[0m
[0m2022-07-26 16:20:06 V/Net 3378109058: Recv: friendlist.GetTroopMemberListReq[0m
[0m2022-07-26 16:20:06 V/Net 3378109058: Send: friendlist.GetTroopMemberListReq(friendlist.GetTroopMemberListReq)[0m
[0m2022-07-26 16:20:06 V/Net 3378109058: Send: friendlist.GetTroopMemberListReq(friendlist.GetTroopMemberListReq)[0m
[0m2022-07-26 16:20:06 V/Net 3378109058: Recv: friendlist.GetTroopMemberListReq[0m
[0m2022-07-26 16:20:06 V/Net 3378109058: Send: friendlist.GetTroopMemberListReq(friendlist.GetTroopMemberListReq)[0m
[0m2022-07-26 16:20:06 V/Net 3378109058: Recv: friendlist.GetTroopMemberListReq[0m
[0m2022-07-26 16:20:06 V/Net 3378109058: Recv: friendlist.GetTroopMemberListReq[0m
[0m2022-07-26 16:20:06 V/Net 3378109058: Send: friendlist.GetTroopMemberListReq(friendlist.GetTroopMemberListReq)[0m
[0m2022-07-26 16:20:06 V/Net 3378109058: Send: friendlist.GetTroopMemberListReq(friendlist.GetTroopMemberListReq)[0m
[0m2022-07-26 16:20:06 V/Net 3378109058: Recv: friendlist.GetTroopMemberListReq[0m
[0m2022-07-26 16:20:06 V/Net 3378109058: Send: friendlist.GetTroopMemberListReq(friendlist.GetTroopMemberListReq)[0m
[0m2022-07-26 16:20:06 V/Net 3378109058: Recv: friendlist.GetTroopMemberListReq[0m
[0m2022-07-26 16:20:06 V/Net 3378109058: Recv: friendlist.GetTroopMemberListReq[0m
[0m2022-07-26 16:20:06 V/Net 3378109058: Send: friendlist.GetTroopMemberListReq(friendlist.GetTroopMemberListReq)[0m
[0m2022-07-26 16:20:06 V/Net 3378109058: Recv: friendlist.GetTroopMemberListReq[0m
[0m2022-07-26 16:20:06 V/Net 3378109058: Send: friendlist.GetTroopMemberListReq(friendlist.GetTroopMemberListReq)[0m
[0m2022-07-26 16:20:06 V/Net 3378109058: Send: friendlist.GetTroopMemberListReq(friendlist.GetTroopMemberListReq)[0m
[0m2022-07-26 16:20:06 V/Net 3378109058: Recv: friendlist.GetTroopMemberListReq[0m
[0m2022-07-26 16:20:06 V/Net 3378109058: Recv: friendlist.GetTroopMemberListReq[0m
[0m2022-07-26 16:20:06 V/Net 3378109058: Send: friendlist.GetTroopMemberListReq(friendlist.GetTroopMemberListReq)[0m
[0m2022-07-26 16:20:06 V/Net 3378109058: Send: friendlist.GetTroopMemberListReq(friendlist.GetTroopMemberListReq)[0m
[0m2022-07-26 16:20:06 V/Net 3378109058: Recv: friendlist.GetTroopMemberListReq[0m
[0m2022-07-26 16:20:06 V/Net 3378109058: Send: friendlist.GetTroopMemberListReq(friendlist.GetTroopMemberListReq)[0m
[0m2022-07-26 16:20:06 V/Net 3378109058: Recv: friendlist.GetTroopMemberListReq[0m
[0m2022-07-26 16:20:06 V/Net 3378109058: Send: friendlist.GetTroopMemberListReq(friendlist.GetTroopMemberListReq)[0m
[0m2022-07-26 16:20:06 V/Net 3378109058: Recv: friendlist.GetTroopMemberListReq[0m
[0m2022-07-26 16:20:06 V/Net 3378109058: Send: friendlist.GetTroopMemberListReq(friendlist.GetTroopMemberListReq)[0m
[0m2022-07-26 16:20:06 V/Net 3378109058: Recv: friendlist.GetTroopMemberListReq[0m
[0m2022-07-26 16:20:06 V/Net 3378109058: Send: friendlist.GetTroopMemberListReq(friendlist.GetTroopMemberListReq)[0m
[0m2022-07-26 16:20:06 V/Net 3378109058: Recv: friendlist.GetTroopMemberListReq[0m
[0m2022-07-26 16:20:06 V/Net 3378109058: Send: friendlist.GetTroopMemberListReq(friendlist.GetTroopMemberListReq)[0m
[0m2022-07-26 16:20:06 V/Net 3378109058: Recv: friendlist.GetTroopMemberListReq[0m
[0m2022-07-26 16:20:06 V/Net 3378109058: Send: friendlist.GetTroopMemberListReq(friendlist.GetTroopMemberListReq)[0m
[0m2022-07-26 16:20:06 V/Net 3378109058: Recv: friendlist.GetTroopMemberListReq[0m
[0m2022-07-26 16:20:06 V/Net 3378109058: Send: friendlist.GetTroopMemberListReq(friendlist.GetTroopMemberListReq)[0m
[0m2022-07-26 16:20:06 V/Net 3378109058: Recv: friendlist.GetTroopMemberListReq[0m
[0m2022-07-26 16:20:06 V/Net 3378109058: Send: friendlist.GetTroopMemberListReq(friendlist.GetTroopMemberListReq)[0m
[0m2022-07-26 16:20:06 V/Net 3378109058: Recv: friendlist.GetTroopMemberListReq[0m
[0m2022-07-26 16:20:06 V/Net 3378109058: Send: friendlist.GetTroopMemberListReq(friendlist.GetTroopMemberListReq)[0m
[0m2022-07-26 16:20:06 V/Net 3378109058: Recv: friendlist.GetTroopMemberListReq[0m
[0m2022-07-26 16:20:06 V/Net 3378109058: Send: friendlist.GetTroopMemberListReq(friendlist.GetTroopMemberListReq)[0m
[0m2022-07-26 16:20:06 V/Net 3378109058: Recv: friendlist.GetTroopMemberListReq[0m
[0m2022-07-26 16:20:06 V/Net 3378109058: Send: friendlist.GetTroopMemberListReq(friendlist.GetTroopMemberListReq)[0m
[0m2022-07-26 16:20:06 V/Net 3378109058: Recv: friendlist.GetTroopMemberListReq[0m
[0m2022-07-26 16:20:06 V/Net 3378109058: Send: friendlist.GetTroopMemberListReq(friendlist.GetTroopMemberListReq)[0m
[0m2022-07-26 16:20:06 V/Net 3378109058: Recv: friendlist.GetTroopMemberListReq[0m
[0m2022-07-26 16:20:06 V/Net 3378109058: Recv: friendlist.GetTroopMemberListReq[0m
[0m2022-07-26 16:20:06 V/Net 3378109058: Send: friendlist.GetTroopMemberListReq(friendlist.GetTroopMemberListReq)[0m
[0m2022-07-26 16:20:06 V/Net 3378109058: Send: friendlist.GetTroopMemberListReq(friendlist.GetTroopMemberListReq)[0m
[0m2022-07-26 16:20:06 V/Net 3378109058: Recv: friendlist.GetTroopMemberListReq[0m
[0m2022-07-26 16:20:06 V/Net 3378109058: Send: friendlist.GetTroopMemberListReq(friendlist.GetTroopMemberListReq)[0m
[0m2022-07-26 16:20:06 V/Net 3378109058: Recv: friendlist.GetTroopMemberListReq[0m
[0m2022-07-26 16:20:06 V/Net 3378109058: Recv: friendlist.GetTroopMemberListReq[0m
[0m2022-07-26 16:20:06 V/Net 3378109058: Send: friendlist.GetTroopMemberListReq(friendlist.GetTroopMemberListReq)[0m
[0m2022-07-26 16:20:06 V/Net 3378109058: Send: friendlist.GetTroopMemberListReq(friendlist.GetTroopMemberListReq)[0m
[0m2022-07-26 16:20:06 V/Net 3378109058: Recv: friendlist.GetTroopMemberListReq[0m
[0m2022-07-26 16:20:06 V/Net 3378109058: Send: friendlist.GetTroopMemberListReq(friendlist.GetTroopMemberListReq)[0m
[0m2022-07-26 16:20:06 V/Net 3378109058: Recv: friendlist.GetTroopMemberListReq[0m
[0m2022-07-26 16:20:06 V/Net 3378109058: Send: friendlist.GetTroopMemberListReq(friendlist.GetTroopMemberListReq)[0m
[0m2022-07-26 16:20:06 V/Net 3378109058: Recv: ConfigPushSvc.PushReq[0m
[0m2022-07-26 16:20:06 V/Net 3378109058: Recv: friendlist.GetTroopMemberListReq[0m
[0m2022-07-26 16:20:06 V/Net 3378109058: Send: friendlist.GetTroopMemberListReq(friendlist.GetTroopMemberListReq)[0m
[0m2022-07-26 16:20:06 V/Net 3378109058: Recv: friendlist.GetTroopMemberListReq[0m
[0m2022-07-26 16:20:06 V/Net 3378109058: Send: friendlist.GetTroopMemberListReq(friendlist.GetTroopMemberListReq)[0m
[0m2022-07-26 16:20:06 V/Net 3378109058: Recv: friendlist.GetTroopMemberListReq[0m
[0m2022-07-26 16:20:06 V/Net 3378109058: Send: friendlist.GetTroopMemberListReq(friendlist.GetTroopMemberListReq)[0m
[0m2022-07-26 16:20:06 V/Net 3378109058: Recv: friendlist.GetTroopMemberListReq[0m
[0m2022-07-26 16:20:06 V/Net 3378109058: Send: friendlist.GetTroopMemberListReq(friendlist.GetTroopMemberListReq)[0m
[0m2022-07-26 16:20:06 V/Net 3378109058: Recv: friendlist.GetTroopMemberListReq[0m
[0m2022-07-26 16:20:06 V/Net 3378109058: Send: friendlist.GetTroopMemberListReq(friendlist.GetTroopMemberListReq)[0m
[0m2022-07-26 16:20:06 V/Net 3378109058: Recv: friendlist.GetTroopMemberListReq[0m
[0m2022-07-26 16:20:06 V/Net 3378109058: Send: friendlist.GetTroopMemberListReq(friendlist.GetTroopMemberListReq)[0m
[0m2022-07-26 16:20:06 V/Net 3378109058: Recv: friendlist.GetTroopMemberListReq[0m
[0m2022-07-26 16:20:06 V/Net 3378109058: Saving bdh session to cache[0m
[0m2022-07-26 16:20:06 V/Net 3378109058: Send: friendlist.GetTroopMemberListReq(friendlist.GetTroopMemberListReq)[0m
[0m2022-07-26 16:20:06 V/Net 3378109058: Recv: friendlist.GetTroopMemberListReq[0m
[0m2022-07-26 16:20:06 V/Net 3378109058: Send: friendlist.GetTroopMemberListReq(friendlist.GetTroopMemberListReq)[0m
[0m2022-07-26 16:20:06 V/Net 3378109058: Send: ConfigPushSvc.PushResp(ConfigPushSvc.PushResp)[0m
[0m2022-07-26 16:20:06 V/Net 3378109058: Recv: friendlist.GetTroopMemberListReq[0m
[0m2022-07-26 16:20:06 V/Net 3378109058: Send: friendlist.GetTroopMemberListReq(friendlist.GetTroopMemberListReq)[0m
[0m2022-07-26 16:20:06 V/Net 3378109058: Recv: friendlist.GetTroopMemberListReq[0m
[0m2022-07-26 16:20:06 V/Net 3378109058: Send: friendlist.GetTroopMemberListReq(friendlist.GetTroopMemberListReq)[0m
[0m2022-07-26 16:20:06 V/Net 3378109058: Recv: friendlist.GetTroopMemberListReq[0m
[0m2022-07-26 16:20:06 V/Net 3378109058: Send: friendlist.GetTroopMemberListReq(friendlist.GetTroopMemberListReq)[0m
[0m2022-07-26 16:20:06 V/Net 3378109058: Recv: friendlist.GetTroopMemberListReq[0m
[0m2022-07-26 16:20:06 V/Net 3378109058: Send: friendlist.GetTroopMemberListReq(friendlist.GetTroopMemberListReq)[0m
[0m2022-07-26 16:20:06 V/Net 3378109058: Recv: friendlist.GetTroopMemberListReq[0m
[0m2022-07-26 16:20:06 V/Net 3378109058: Recv: friendlist.GetTroopMemberListReq[0m
[0m2022-07-26 16:20:06 V/Net 3378109058: Send: friendlist.GetTroopMemberListReq(friendlist.GetTroopMemberListReq)[0m
[0m2022-07-26 16:20:06 V/Net 3378109058: Send: friendlist.GetTroopMemberListReq(friendlist.GetTroopMemberListReq)[0m
[0m2022-07-26 16:20:06 V/Net 3378109058: Recv: friendlist.GetTroopMemberListReq[0m
[0m2022-07-26 16:20:06 V/Net 3378109058: Send: friendlist.GetTroopMemberListReq(friendlist.GetTroopMemberListReq)[0m
[0m2022-07-26 16:20:06 V/Net 3378109058: Recv: friendlist.GetTroopMemberListReq[0m
[0m2022-07-26 16:20:06 V/Net 3378109058: Send: friendlist.GetTroopMemberListReq(friendlist.GetTroopMemberListReq)[0m
[0m2022-07-26 16:20:06 V/Net 3378109058: Recv: friendlist.GetTroopMemberListReq[0m
[0m2022-07-26 16:20:06 V/Net 3378109058: Send: friendlist.GetTroopMemberListReq(friendlist.GetTroopMemberListReq)[0m
[0m2022-07-26 16:20:06 V/Net 3378109058: Recv: friendlist.GetTroopMemberListReq[0m
[0m2022-07-26 16:20:06 V/Net 3378109058: Recv: friendlist.GetTroopMemberListReq[0m
[0m2022-07-26 16:20:06 V/Net 3378109058: Send: friendlist.GetTroopMemberListReq(friendlist.GetTroopMemberListReq)[0m
[0m2022-07-26 16:20:06 V/Net 3378109058: Send: friendlist.GetTroopMemberListReq(friendlist.GetTroopMemberListReq)[0m
[0m2022-07-26 16:20:06 V/Net 3378109058: Recv: friendlist.GetTroopMemberListReq[0m
[0m2022-07-26 16:20:06 V/Net 3378109058: Send: friendlist.GetTroopMemberListReq(friendlist.GetTroopMemberListReq)[0m
[0m2022-07-26 16:20:06 V/Net 3378109058: Recv: friendlist.GetTroopMemberListReq[0m
[0m2022-07-26 16:20:06 V/Net 3378109058: Send: friendlist.GetTroopMemberListReq(friendlist.GetTroopMemberListReq)[0m
[0m2022-07-26 16:20:06 V/Net 3378109058: Recv: friendlist.GetTroopMemberListReq[0m
[0m2022-07-26 16:20:06 V/Net 3378109058: Send: friendlist.GetTroopMemberListReq(friendlist.GetTroopMemberListReq)[0m
[0m2022-07-26 16:20:06 V/Net 3378109058: Recv: friendlist.GetTroopMemberListReq[0m
[0m2022-07-26 16:20:06 V/Net 3378109058: Send: friendlist.GetTroopMemberListReq(friendlist.GetTroopMemberListReq)[0m
[0m2022-07-26 16:20:06 V/Net 3378109058: Recv: friendlist.GetTroopMemberListReq[0m
[0m2022-07-26 16:20:06 V/Net 3378109058: Send: friendlist.GetTroopMemberListReq(friendlist.GetTroopMemberListReq)[0m
[0m2022-07-26 16:20:07 V/Net 3378109058: Recv: friendlist.GetTroopMemberListReq[0m
[0m2022-07-26 16:20:07 V/Net 3378109058: Send: friendlist.GetTroopMemberListReq(friendlist.GetTroopMemberListReq)[0m
[0m2022-07-26 16:20:07 V/Net 3378109058: Recv: friendlist.GetTroopMemberListReq[0m
[0m2022-07-26 16:20:07 V/Net 3378109058: Send: friendlist.GetTroopMemberListReq(friendlist.GetTroopMemberListReq)[0m
[0m2022-07-26 16:20:07 V/Net 3378109058: Recv: friendlist.GetTroopMemberListReq[0m
[0m2022-07-26 16:20:07 V/Net 3378109058: Send: friendlist.GetTroopMemberListReq(friendlist.GetTroopMemberListReq)[0m
[0m2022-07-26 16:20:07 V/Net 3378109058: Recv: friendlist.GetTroopMemberListReq[0m
[0m2022-07-26 16:20:07 V/Net 3378109058: Send: friendlist.GetTroopMemberListReq(friendlist.GetTroopMemberListReq)[0m
[0m2022-07-26 16:20:07 V/Net 3378109058: Recv: friendlist.GetTroopMemberListReq[0m
[0m2022-07-26 16:20:07 V/Net 3378109058: Send: friendlist.GetTroopMemberListReq(friendlist.GetTroopMemberListReq)[0m
[0m2022-07-26 16:20:07 V/Net 3378109058: Recv: friendlist.GetTroopMemberListReq[0m
[0m2022-07-26 16:20:07 V/Net 3378109058: Send: friendlist.GetTroopMemberListReq(friendlist.GetTroopMemberListReq)[0m
[0m2022-07-26 16:20:07 V/Net 3378109058: Recv: friendlist.GetTroopMemberListReq[0m
[0m2022-07-26 16:20:07 V/Net 3378109058: Send: friendlist.GetTroopMemberListReq(friendlist.GetTroopMemberListReq)[0m
[0m2022-07-26 16:20:07 V/Net 3378109058: Recv: friendlist.GetTroopMemberListReq[0m
[0m2022-07-26 16:20:07 V/Net 3378109058: Send: friendlist.GetTroopMemberListReq(friendlist.GetTroopMemberListReq)[0m
[0m2022-07-26 16:20:07 V/Net 3378109058: Recv: friendlist.GetTroopMemberListReq[0m
[0m2022-07-26 16:20:07 V/Net 3378109058: Send: friendlist.GetTroopMemberListReq(friendlist.GetTroopMemberListReq)[0m
[0m2022-07-26 16:20:07 V/Net 3378109058: Recv: friendlist.GetTroopMemberListReq[0m
[0m2022-07-26 16:20:07 V/Net 3378109058: Send: friendlist.GetTroopMemberListReq(friendlist.GetTroopMemberListReq)[0m
[0m2022-07-26 16:20:07 V/Net 3378109058: Recv: friendlist.GetTroopMemberListReq[0m
[0m2022-07-26 16:20:07 V/Net 3378109058: Send: friendlist.GetTroopMemberListReq(friendlist.GetTroopMemberListReq)[0m
[0m2022-07-26 16:20:07 V/Net 3378109058: Recv: friendlist.GetTroopMemberListReq[0m
[0m2022-07-26 16:20:07 V/Net 3378109058: Send: friendlist.GetTroopMemberListReq(friendlist.GetTroopMemberListReq)[0m
[0m2022-07-26 16:20:07 V/Net 3378109058: Recv: friendlist.GetTroopMemberListReq[0m
[0m2022-07-26 16:20:07 V/Net 3378109058: Send: friendlist.GetTroopMemberListReq(friendlist.GetTroopMemberListReq)[0m
[0m2022-07-26 16:20:07 V/Net 3378109058: Recv: friendlist.GetTroopMemberListReq[0m
[0m2022-07-26 16:20:07 V/Net 3378109058: Recv: friendlist.GetTroopMemberListReq[0m
[0m2022-07-26 16:20:07 V/Net 3378109058: Send: friendlist.GetTroopMemberListReq(friendlist.GetTroopMemberListReq)[0m
[0m2022-07-26 16:20:07 V/Net 3378109058: Send: friendlist.GetTroopMemberListReq(friendlist.GetTroopMemberListReq)[0m
[0m2022-07-26 16:20:07 V/Net 3378109058: Recv: friendlist.GetTroopMemberListReq[0m
[0m2022-07-26 16:20:07 V/Net 3378109058: Send: friendlist.GetTroopMemberListReq(friendlist.GetTroopMemberListReq)[0m
[0m2022-07-26 16:20:07 V/Net 3378109058: Recv: friendlist.GetTroopMemberListReq[0m
[0m2022-07-26 16:20:07 V/Net 3378109058: Send: friendlist.GetTroopMemberListReq(friendlist.GetTroopMemberListReq)[0m
[0m2022-07-26 16:20:07 V/Net 3378109058: Recv: friendlist.GetTroopMemberListReq[0m
[0m2022-07-26 16:20:07 V/Net 3378109058: Send: friendlist.GetTroopMemberListReq(friendlist.GetTroopMemberListReq)[0m
[0m2022-07-26 16:20:07 V/Net 3378109058: Recv: friendlist.GetTroopMemberListReq[0m
[0m2022-07-26 16:20:07 V/Net 3378109058: Send: friendlist.GetTroopMemberListReq(friendlist.GetTroopMemberListReq)[0m
[0m2022-07-26 16:20:07 V/Net 3378109058: Recv: friendlist.GetTroopMemberListReq[0m
[0m2022-07-26 16:20:07 V/Net 3378109058: Send: friendlist.GetTroopMemberListReq(friendlist.GetTroopMemberListReq)[0m
[0m2022-07-26 16:20:07 V/Net 3378109058: Recv: friendlist.GetTroopMemberListReq[0m
[0m2022-07-26 16:20:07 V/Net 3378109058: Send: friendlist.GetTroopMemberListReq(friendlist.GetTroopMemberListReq)[0m
[0m2022-07-26 16:20:07 V/Net 3378109058: Recv: friendlist.GetTroopMemberListReq[0m
[0m2022-07-26 16:20:07 V/Net 3378109058: Send: friendlist.GetTroopMemberListReq(friendlist.GetTroopMemberListReq)[0m
[0m2022-07-26 16:20:07 V/Net 3378109058: Recv: friendlist.GetTroopMemberListReq[0m
[0m2022-07-26 16:20:07 V/Net 3378109058: Send: friendlist.GetTroopMemberListReq(friendlist.GetTroopMemberListReq)[0m
[0m2022-07-26 16:20:07 V/Net 3378109058: Recv: friendlist.GetTroopMemberListReq[0m
[0m2022-07-26 16:20:07 V/Net 3378109058: Send: friendlist.GetTroopMemberListReq(friendlist.GetTroopMemberListReq)[0m
[0m2022-07-26 16:20:07 V/Net 3378109058: Recv: friendlist.GetTroopMemberListReq[0m
[0m2022-07-26 16:20:07 V/Net 3378109058: Send: friendlist.GetTroopMemberListReq(friendlist.GetTroopMemberListReq)[0m
[0m2022-07-26 16:20:07 V/Net 3378109058: Recv: friendlist.GetTroopMemberListReq[0m
[0m2022-07-26 16:20:07 V/Net 3378109058: Send: friendlist.GetTroopMemberListReq(friendlist.GetTroopMemberListReq)[0m
[0m2022-07-26 16:20:07 V/Net 3378109058: Recv: friendlist.GetTroopMemberListReq[0m
[0m2022-07-26 16:20:07 V/Net 3378109058: Send: friendlist.GetTroopMemberListReq(friendlist.GetTroopMemberListReq)[0m
[0m2022-07-26 16:20:07 V/Net 3378109058: Recv: friendlist.GetTroopMemberListReq[0m
[0m2022-07-26 16:20:07 V/Net 3378109058: Send: friendlist.GetTroopMemberListReq(friendlist.GetTroopMemberListReq)[0m
[0m2022-07-26 16:20:07 V/Net 3378109058: Recv: friendlist.GetTroopMemberListReq[0m
[0m2022-07-26 16:20:07 V/Net 3378109058: Recv: friendlist.GetTroopMemberListReq[0m
[0m2022-07-26 16:20:07 V/Net 3378109058: Send: friendlist.GetTroopMemberListReq(friendlist.GetTroopMemberListReq)[0m
[0m2022-07-26 16:20:07 V/Net 3378109058: Recv: friendlist.GetTroopMemberListReq[0m
[0m2022-07-26 16:20:07 V/Net 3378109058: Recv: friendlist.GetTroopMemberListReq[0m
[0m2022-07-26 16:20:07 V/Net 3378109058: Send: friendlist.GetTroopMemberListReq(friendlist.GetTroopMemberListReq)[0m
[0m2022-07-26 16:20:07 V/Net 3378109058: Recv: friendlist.GetTroopMemberListReq[0m
[0m2022-07-26 16:20:07 V/Net 3378109058: Send: friendlist.GetTroopMemberListReq(friendlist.GetTroopMemberListReq)[0m
[0m2022-07-26 16:20:07 V/Net 3378109058: Recv: friendlist.GetTroopMemberListReq[0m
[0m2022-07-26 16:20:07 V/Net 3378109058: Send: friendlist.GetTroopMemberListReq(friendlist.GetTroopMemberListReq)[0m
[0m2022-07-26 16:20:07 V/Net 3378109058: Recv: friendlist.GetTroopMemberListReq[0m
[0m2022-07-26 16:20:07 V/Net 3378109058: Send: friendlist.GetTroopMemberListReq(friendlist.GetTroopMemberListReq)[0m
[0m2022-07-26 16:20:07 V/Net 3378109058: Recv: friendlist.GetTroopMemberListReq[0m
[0m2022-07-26 16:20:07 V/Net 3378109058: Send: friendlist.GetTroopMemberListReq(friendlist.GetTroopMemberListReq)[0m
[0m2022-07-26 16:20:07 V/Net 3378109058: Recv: friendlist.GetTroopMemberListReq[0m
[0m2022-07-26 16:20:07 V/Net 3378109058: Send: friendlist.GetTroopMemberListReq(friendlist.GetTroopMemberListReq)[0m
[0m2022-07-26 16:20:07 V/Net 3378109058: Recv: friendlist.GetTroopMemberListReq[0m
[0m2022-07-26 16:20:07 V/Net 3378109058: Recv: friendlist.GetTroopMemberListReq[0m
[0m2022-07-26 16:20:07 V/Net 3378109058: Send: friendlist.GetTroopMemberListReq(friendlist.GetTroopMemberListReq)[0m
[0m2022-07-26 16:20:07 V/Net 3378109058: Send: friendlist.GetTroopMemberListReq(friendlist.GetTroopMemberListReq)[0m
[0m2022-07-26 16:20:07 V/Net 3378109058: Recv: friendlist.GetTroopMemberListReq[0m
[0m2022-07-26 16:20:07 V/Net 3378109058: Recv: friendlist.GetTroopMemberListReq[0m
[0m2022-07-26 16:20:07 V/Net 3378109058: Send: friendlist.GetTroopMemberListReq(friendlist.GetTroopMemberListReq)[0m
[0m2022-07-26 16:20:07 V/Net 3378109058: Recv: friendlist.GetTroopMemberListReq[0m
[0m2022-07-26 16:20:07 V/Net 3378109058: Recv: friendlist.GetTroopMemberListReq[0m
[0m2022-07-26 16:20:07 V/Net 3378109058: Send: friendlist.GetTroopMemberListReq(friendlist.GetTroopMemberListReq)[0m
[0m2022-07-26 16:20:07 V/Net 3378109058: Recv: friendlist.GetTroopMemberListReq[0m
[0m2022-07-26 16:20:07 V/Net 3378109058: Recv: friendlist.GetTroopMemberListReq[0m
[0m2022-07-26 16:20:07 V/Net 3378109058: Send: friendlist.GetTroopMemberListReq(friendlist.GetTroopMemberListReq)[0m
[0m2022-07-26 16:20:07 V/Net 3378109058: Send: friendlist.GetTroopMemberListReq(friendlist.GetTroopMemberListReq)[0m
[0m2022-07-26 16:20:07 V/Net 3378109058: Recv: friendlist.GetTroopMemberListReq[0m
[0m2022-07-26 16:20:07 V/Net 3378109058: Recv: friendlist.GetTroopMemberListReq[0m
[0m2022-07-26 16:20:07 V/Net 3378109058: Send: friendlist.GetTroopMemberListReq(friendlist.GetTroopMemberListReq)[0m
[0m2022-07-26 16:20:07 V/Net 3378109058: Send: friendlist.GetTroopMemberListReq(friendlist.GetTroopMemberListReq)[0m
[0m2022-07-26 16:20:07 V/Net 3378109058: Recv: friendlist.GetTroopMemberListReq[0m
[0m2022-07-26 16:20:07 V/Net 3378109058: Send: friendlist.GetTroopMemberListReq(friendlist.GetTroopMemberListReq)[0m
[0m2022-07-26 16:20:07 V/Net 3378109058: Recv: friendlist.GetTroopMemberListReq[0m
[0m2022-07-26 16:20:07 V/Net 3378109058: Recv: friendlist.GetTroopMemberListReq[0m
[0m2022-07-26 16:20:07 V/Net 3378109058: Recv: friendlist.GetTroopMemberListReq[0m
[0m2022-07-26 16:20:07 V/Net 3378109058: Send: friendlist.GetTroopMemberListReq(friendlist.GetTroopMemberListReq)[0m
[0m2022-07-26 16:20:07 V/Net 3378109058: Recv: friendlist.GetTroopMemberListReq[0m
[0m2022-07-26 16:20:07 V/Net 3378109058: Recv: friendlist.GetTroopMemberListReq[0m
[0m2022-07-26 16:20:07 V/Net 3378109058: Send: friendlist.GetTroopMemberListReq(friendlist.GetTroopMemberListReq)[0m
[0m2022-07-26 16:20:07 V/Net 3378109058: Recv: friendlist.GetTroopMemberListReq[0m
[0m2022-07-26 16:20:07 V/Net 3378109058: Send: friendlist.GetTroopMemberListReq(friendlist.GetTroopMemberListReq)[0m
[0m2022-07-26 16:20:07 V/Net 3378109058: Recv: friendlist.GetTroopMemberListReq[0m
[0m2022-07-26 16:20:07 V/Net 3378109058: Send: friendlist.GetTroopMemberListReq(friendlist.GetTroopMemberListReq)[0m
[0m2022-07-26 16:20:07 V/Net 3378109058: Recv: friendlist.GetTroopMemberListReq[0m
[0m2022-07-26 16:20:07 V/Net 3378109058: Send: friendlist.GetTroopMemberListReq(friendlist.GetTroopMemberListReq)[0m
[0m2022-07-26 16:20:07 V/Net 3378109058: Recv: friendlist.GetTroopMemberListReq[0m
[0m2022-07-26 16:20:07 V/Net 3378109058: Send: friendlist.GetTroopMemberListReq(friendlist.GetTroopMemberListReq)[0m
[0m2022-07-26 16:20:07 V/Net 3378109058: Recv: friendlist.GetTroopMemberListReq[0m
[0m2022-07-26 16:20:07 V/Net 3378109058: Send: friendlist.GetTroopMemberListReq(friendlist.GetTroopMemberListReq)[0m
[0m2022-07-26 16:20:07 V/Net 3378109058: Recv: friendlist.GetTroopMemberListReq[0m
[0m2022-07-26 16:20:07 V/Net 3378109058: Send: friendlist.GetTroopMemberListReq(friendlist.GetTroopMemberListReq)[0m
[0m2022-07-26 16:20:07 V/Net 3378109058: Recv: friendlist.GetTroopMemberListReq[0m
[0m2022-07-26 16:20:07 V/Net 3378109058: Recv: friendlist.GetTroopMemberListReq[0m
[0m2022-07-26 16:20:07 V/Net 3378109058: Send: friendlist.GetTroopMemberListReq(friendlist.GetTroopMemberListReq)[0m
[0m2022-07-26 16:20:07 V/Net 3378109058: Send: friendlist.GetTroopMemberListReq(friendlist.GetTroopMemberListReq)[0m
[0m2022-07-26 16:20:07 V/Net 3378109058: Recv: friendlist.GetTroopMemberListReq[0m
[0m2022-07-26 16:20:07 V/Net 3378109058: Recv: friendlist.GetTroopMemberListReq[0m
[0m2022-07-26 16:20:07 V/Net 3378109058: Send: friendlist.GetTroopMemberListReq(friendlist.GetTroopMemberListReq)[0m
[0m2022-07-26 16:20:07 V/Net 3378109058: Recv: friendlist.GetTroopMemberListReq[0m
[0m2022-07-26 16:20:07 V/Net 3378109058: Send: friendlist.GetTroopMemberListReq(friendlist.GetTroopMemberListReq)[0m
[0m2022-07-26 16:20:07 V/Net 3378109058: Recv: friendlist.GetTroopMemberListReq[0m
[0m2022-07-26 16:20:07 V/Net 3378109058: Send: friendlist.GetTroopMemberListReq(friendlist.GetTroopMemberListReq)[0m
[0m2022-07-26 16:20:07 V/Net 3378109058: Recv: friendlist.GetTroopMemberListReq[0m
[0m2022-07-26 16:20:07 V/Net 3378109058: Recv: friendlist.GetTroopMemberListReq[0m
[0m2022-07-26 16:20:07 V/Net 3378109058: Recv: friendlist.GetTroopMemberListReq[0m
[0m2022-07-26 16:20:07 V/Net 3378109058: Send: friendlist.GetTroopMemberListReq(friendlist.GetTroopMemberListReq)[0m
[0m2022-07-26 16:20:07 V/Net 3378109058: Recv: friendlist.GetTroopMemberListReq[0m
[0m2022-07-26 16:20:07 V/Net 3378109058: Recv: friendlist.GetTroopMemberListReq[0m
[0m2022-07-26 16:20:07 V/Net 3378109058: Send: friendlist.GetTroopMemberListReq(friendlist.GetTroopMemberListReq)[0m
[0m2022-07-26 16:20:07 V/Net 3378109058: Recv: friendlist.GetTroopMemberListReq[0m
[0m2022-07-26 16:20:07 V/Net 3378109058: Send: friendlist.GetTroopMemberListReq(friendlist.GetTroopMemberListReq)[0m
[0m2022-07-26 16:20:07 V/Net 3378109058: Recv: friendlist.GetTroopMemberListReq[0m
[0m2022-07-26 16:20:07 V/Net 3378109058: Send: friendlist.GetTroopMemberListReq(friendlist.GetTroopMemberListReq)[0m
[0m2022-07-26 16:20:07 V/Net 3378109058: Recv: friendlist.GetTroopMemberListReq[0m
[0m2022-07-26 16:20:07 V/Net 3378109058: Send: friendlist.GetTroopMemberListReq(friendlist.GetTroopMemberListReq)[0m
[0m2022-07-26 16:20:07 V/Net 3378109058: Recv: friendlist.GetTroopMemberListReq[0m
[0m2022-07-26 16:20:07 V/Net 3378109058: Recv: friendlist.GetTroopMemberListReq[0m
[0m2022-07-26 16:20:07 V/Net 3378109058: Recv: friendlist.GetTroopMemberListReq[0m
[0m2022-07-26 16:20:07 V/Net 3378109058: Send: friendlist.GetTroopMemberListReq(friendlist.GetTroopMemberListReq)[0m
[0m2022-07-26 16:20:07 V/Net 3378109058: Recv: friendlist.GetTroopMemberListReq[0m
[0m2022-07-26 16:20:07 V/Net 3378109058: Send: friendlist.GetTroopMemberListReq(friendlist.GetTroopMemberListReq)[0m
[0m2022-07-26 16:20:07 V/Net 3378109058: Recv: friendlist.GetTroopMemberListReq[0m
[0m2022-07-26 16:20:07 V/Net 3378109058: Send: friendlist.GetTroopMemberListReq(friendlist.GetTroopMemberListReq)[0m
[0m2022-07-26 16:20:07 V/Net 3378109058: Recv: friendlist.GetTroopMemberListReq[0m
[0m2022-07-26 16:20:07 V/Net 3378109058: Send: friendlist.GetTroopMemberListReq(friendlist.GetTroopMemberListReq)[0m
[0m2022-07-26 16:20:07 V/Net 3378109058: Recv: friendlist.GetTroopMemberListReq[0m
[0m2022-07-26 16:20:07 V/Net 3378109058: Recv: friendlist.GetTroopMemberListReq[0m
[0m2022-07-26 16:20:07 V/Net 3378109058: Recv: friendlist.GetTroopMemberListReq[0m
[0m2022-07-26 16:20:07 V/Net 3378109058: Send: friendlist.GetTroopMemberListReq(friendlist.GetTroopMemberListReq)[0m
[0m2022-07-26 16:20:07 V/Net 3378109058: Recv: friendlist.GetTroopMemberListReq[0m
[0m2022-07-26 16:20:07 V/Net 3378109058: Send: friendlist.GetTroopMemberListReq(friendlist.GetTroopMemberListReq)[0m
[0m2022-07-26 16:20:07 V/Net 3378109058: Recv: friendlist.GetTroopMemberListReq[0m
[0m2022-07-26 16:20:07 V/Net 3378109058: Recv: friendlist.GetTroopMemberListReq[0m
[0m2022-07-26 16:20:07 V/Net 3378109058: Send: friendlist.GetTroopMemberListReq(friendlist.GetTroopMemberListReq)[0m
[0m2022-07-26 16:20:07 V/Net 3378109058: Send: friendlist.GetTroopMemberListReq(friendlist.GetTroopMemberListReq)[0m
[0m2022-07-26 16:20:07 V/Net 3378109058: Recv: friendlist.GetTroopMemberListReq[0m
[0m2022-07-26 16:20:07 V/Net 3378109058: Send: friendlist.GetTroopMemberListReq(friendlist.GetTroopMemberListReq)[0m
[0m2022-07-26 16:20:07 V/Net 3378109058: Recv: friendlist.GetTroopMemberListReq[0m
[0m2022-07-26 16:20:07 V/Net 3378109058: Recv: friendlist.GetTroopMemberListReq[0m
[0m2022-07-26 16:20:07 V/Net 3378109058: Send: friendlist.GetTroopMemberListReq(friendlist.GetTroopMemberListReq)[0m
[0m2022-07-26 16:20:07 V/Net 3378109058: Recv: friendlist.GetTroopMemberListReq[0m
[0m2022-07-26 16:20:07 V/Net 3378109058: Recv: friendlist.GetTroopMemberListReq[0m
[0m2022-07-26 16:20:07 V/Net 3378109058: Send: friendlist.GetTroopMemberListReq(friendlist.GetTroopMemberListReq)[0m
[0m2022-07-26 16:20:07 V/Net 3378109058: Recv: friendlist.GetTroopMemberListReq[0m
[0m2022-07-26 16:20:07 V/Net 3378109058: Send: friendlist.GetTroopMemberListReq(friendlist.GetTroopMemberListReq)[0m
[0m2022-07-26 16:20:07 V/Net 3378109058: Recv: friendlist.GetTroopMemberListReq[0m
[0m2022-07-26 16:20:07 V/Net 3378109058: Recv: friendlist.GetTroopMemberListReq[0m
[0m2022-07-26 16:20:07 V/Net 3378109058: Recv: friendlist.GetTroopMemberListReq[0m
[0m2022-07-26 16:20:07 V/Net 3378109058: Send: friendlist.GetTroopMemberListReq(friendlist.GetTroopMemberListReq)[0m
[0m2022-07-26 16:20:07 V/Net 3378109058: Recv: friendlist.GetTroopMemberListReq[0m
[0m2022-07-26 16:20:07 V/Net 3378109058: Recv: friendlist.GetTroopMemberListReq[0m
[0m2022-07-26 16:20:08 V/Net 3378109058: Send: friendlist.GetTroopMemberListReq(friendlist.GetTroopMemberListReq)[0m
[0m2022-07-26 16:20:08 V/Net 3378109058: Recv: friendlist.GetTroopMemberListReq[0m
[0m2022-07-26 16:20:08 V/Net 3378109058: Recv: friendlist.GetTroopMemberListReq[0m
[0m2022-07-26 16:20:08 V/Net 3378109058: Send: friendlist.GetTroopMemberListReq(friendlist.GetTroopMemberListReq)[0m
[0m2022-07-26 16:20:08 V/Net 3378109058: Recv: friendlist.GetTroopMemberListReq[0m
[0m2022-07-26 16:20:08 V/Net 3378109058: Send: friendlist.GetTroopMemberListReq(friendlist.GetTroopMemberListReq)[0m
[0m2022-07-26 16:20:08 V/Net 3378109058: Recv: friendlist.GetTroopMemberListReq[0m
[0m2022-07-26 16:20:08 V/Net 3378109058: Send: friendlist.GetTroopMemberListReq(friendlist.GetTroopMemberListReq)[0m
[0m2022-07-26 16:20:08 V/Net 3378109058: Recv: friendlist.GetTroopMemberListReq[0m
[0m2022-07-26 16:20:08 V/Net 3378109058: Send: friendlist.GetTroopMemberListReq(friendlist.GetTroopMemberListReq)[0m
[0m2022-07-26 16:20:08 V/Net 3378109058: Recv: friendlist.GetTroopMemberListReq[0m
[0m2022-07-26 16:20:08 V/Net 3378109058: Send: friendlist.GetTroopMemberListReq(friendlist.GetTroopMemberListReq)[0m
[0m2022-07-26 16:20:08 V/Net 3378109058: Recv: friendlist.GetTroopMemberListReq[0m
[0m2022-07-26 16:20:08 V/Net 3378109058: Send: friendlist.GetTroopMemberListReq(friendlist.GetTroopMemberListReq)[0m
[0m2022-07-26 16:20:08 V/Net 3378109058: Recv: friendlist.GetTroopMemberListReq[0m
[0m2022-07-26 16:20:08 V/Net 3378109058: Send: friendlist.GetTroopMemberListReq(friendlist.GetTroopMemberListReq)[0m
[0m2022-07-26 16:20:08 V/Net 3378109058: Recv: friendlist.GetTroopMemberListReq[0m
[0m2022-07-26 16:20:08 V/Net 3378109058: Send: friendlist.GetTroopMemberListReq(friendlist.GetTroopMemberListReq)[0m
[0m2022-07-26 16:20:08 V/Net 3378109058: Recv: friendlist.GetTroopMemberListReq[0m
[0m2022-07-26 16:20:08 V/Net 3378109058: Send: friendlist.GetTroopMemberListReq(friendlist.GetTroopMemberListReq)[0m
[0m2022-07-26 16:20:08 V/Net 3378109058: Recv: friendlist.GetTroopMemberListReq[0m
[0m2022-07-26 16:20:08 V/Net 3378109058: Send: friendlist.GetTroopMemberListReq(friendlist.GetTroopMemberListReq)[0m
[0m2022-07-26 16:20:08 V/Net 3378109058: Recv: friendlist.GetTroopMemberListReq[0m
[0m2022-07-26 16:20:08 V/Net 3378109058: Recv: friendlist.GetTroopMemberListReq[0m
[0m2022-07-26 16:20:08 V/Net 3378109058: Send: friendlist.GetTroopMemberListReq(friendlist.GetTroopMemberListReq)[0m
[0m2022-07-26 16:20:08 V/Net 3378109058: Recv: friendlist.GetTroopMemberListReq[0m
[0m2022-07-26 16:20:08 V/Net 3378109058: Recv: friendlist.GetTroopMemberListReq[0m
[0m2022-07-26 16:20:08 V/Net 3378109058: Send: friendlist.GetTroopMemberListReq(friendlist.GetTroopMemberListReq)[0m
[0m2022-07-26 16:20:08 V/Net 3378109058: Recv: friendlist.GetTroopMemberListReq[0m
[0m2022-07-26 16:20:08 V/Net 3378109058: Send: friendlist.GetTroopMemberListReq(friendlist.GetTroopMemberListReq)[0m
[0m2022-07-26 16:20:08 V/Net 3378109058: Recv: friendlist.GetTroopMemberListReq[0m
[0m2022-07-26 16:20:08 V/Net 3378109058: Send: friendlist.GetTroopMemberListReq(friendlist.GetTroopMemberListReq)[0m
[0m2022-07-26 16:20:08 V/Net 3378109058: Recv: friendlist.GetTroopMemberListReq[0m
[0m2022-07-26 16:20:08 V/Net 3378109058: Send: friendlist.GetTroopMemberListReq(friendlist.GetTroopMemberListReq)[0m
[0m2022-07-26 16:20:08 V/Net 3378109058: Recv: friendlist.GetTroopMemberListReq[0m
[0m2022-07-26 16:20:08 V/Net 3378109058: Send: friendlist.GetTroopMemberListReq(friendlist.GetTroopMemberListReq)[0m
[0m2022-07-26 16:20:08 V/Net 3378109058: Recv: friendlist.GetTroopMemberListReq[0m
[0m2022-07-26 16:20:08 V/Net 3378109058: Recv: friendlist.GetTroopMemberListReq[0m
[0m2022-07-26 16:20:08 V/Net 3378109058: Recv: friendlist.GetTroopMemberListReq[0m
[0m2022-07-26 16:20:08 V/Net 3378109058: Recv: friendlist.GetTroopMemberListReq[0m
[0m2022-07-26 16:20:08 V/Net 3378109058: Send: friendlist.GetTroopMemberListReq(friendlist.GetTroopMemberListReq)[0m
[0m2022-07-26 16:20:08 V/Net 3378109058: Recv: friendlist.GetTroopMemberListReq[0m
[0m2022-07-26 16:20:08 V/Net 3378109058: Send: friendlist.GetTroopMemberListReq(friendlist.GetTroopMemberListReq)[0m
[0m2022-07-26 16:20:08 V/Net 3378109058: Recv: friendlist.GetTroopMemberListReq[0m
[0m2022-07-26 16:20:08 V/Net 3378109058: Send: friendlist.GetTroopMemberListReq(friendlist.GetTroopMemberListReq)[0m
[0m2022-07-26 16:20:08 V/Net 3378109058: Recv: friendlist.GetTroopMemberListReq[0m
[0m2022-07-26 16:20:08 V/Net 3378109058: Send: friendlist.GetTroopMemberListReq(friendlist.GetTroopMemberListReq)[0m
[0m2022-07-26 16:20:08 V/Net 3378109058: Recv: friendlist.GetTroopMemberListReq[0m
[0m2022-07-26 16:20:08 V/Net 3378109058: Send: friendlist.GetTroopMemberListReq(friendlist.GetTroopMemberListReq)[0m
[0m2022-07-26 16:20:08 V/Net 3378109058: Recv: friendlist.GetTroopMemberListReq[0m
[0m2022-07-26 16:20:08 V/Net 3378109058: Send: friendlist.GetTroopMemberListReq(friendlist.GetTroopMemberListReq)[0m
[0m2022-07-26 16:20:08 V/Net 3378109058: Recv: friendlist.GetTroopMemberListReq[0m
[0m2022-07-26 16:20:08 V/Net 3378109058: Send: friendlist.GetTroopMemberListReq(friendlist.GetTroopMemberListReq)[0m
[0m2022-07-26 16:20:08 V/Net 3378109058: Recv: friendlist.GetTroopMemberListReq[0m
[0m2022-07-26 16:20:08 V/Net 3378109058: Recv: friendlist.GetTroopMemberListReq[0m
[0m2022-07-26 16:20:08 V/Net 3378109058: Recv: friendlist.GetTroopMemberListReq[0m
[0m2022-07-26 16:20:08 V/Net 3378109058: Send: friendlist.GetTroopMemberListReq(friendlist.GetTroopMemberListReq)[0m
[0m2022-07-26 16:20:08 V/Net 3378109058: Recv: friendlist.GetTroopMemberListReq[0m
[0m2022-07-26 16:20:08 V/Net 3378109058: Send: friendlist.GetTroopMemberListReq(friendlist.GetTroopMemberListReq)[0m
[0m2022-07-26 16:20:09 V/Net 3378109058: Recv: friendlist.GetTroopMemberListReq[0m
[0m2022-07-26 16:20:09 V/Net 3378109058: Send: friendlist.GetTroopMemberListReq(friendlist.GetTroopMemberListReq)[0m
[0m2022-07-26 16:20:09 V/Net 3378109058: Recv: friendlist.GetTroopMemberListReq[0m
[0m2022-07-26 16:20:09 V/Net 3378109058: Send: friendlist.GetTroopMemberListReq(friendlist.GetTroopMemberListReq)[0m
[0m2022-07-26 16:20:09 V/Net 3378109058: Recv: friendlist.GetTroopMemberListReq[0m
[0m2022-07-26 16:20:09 V/Net 3378109058: Recv: friendlist.GetTroopMemberListReq[0m
[0m2022-07-26 16:20:09 V/Net 3378109058: Send: friendlist.GetTroopMemberListReq(friendlist.GetTroopMemberListReq)[0m
[0m2022-07-26 16:20:09 V/Net 3378109058: Recv: friendlist.GetTroopMemberListReq[0m
[0m2022-07-26 16:20:09 V/Net 3378109058: Send: friendlist.GetTroopMemberListReq(friendlist.GetTroopMemberListReq)[0m
[0m2022-07-26 16:20:09 V/Net 3378109058: Recv: friendlist.GetTroopMemberListReq[0m
[92m2022-07-26 16:20:09 I/Net 3378109058: Successfully loaded group list: 123 in total.[0m
[92m2022-07-26 16:20:09 I/Net 3378109058: Scheduled key refresh in 23h 55min 0.0s.[0m
[92m2022-07-26 16:20:09 I/Net 3378109058: Scheduled refresh login session in 19d 23h 55min 0.0s.[0m
[0m2022-07-26 16:20:15 V/Net 3378109058: Send: StatSvc.GetDevLoginInfo(StatSvc.GetDevLoginInfo)[0m
[0m2022-07-26 16:20:15 V/Net 3378109058: Recv: StatSvc.GetDevLoginInfo[0m
[0m2022-07-26 16:20:15 V/Net 3378109058: Recv: MessageSvc.RequestPushStatus[0m
[96m2022-07-26 16:22:03 D/Net 3378109058: Unknown Transformers732 0x10 optEnumType
optEnumType=19
content=NotifyMsgBody#1946627782 {
            optEnumType=0x00000013(19)
            optMsgMediaPush=MediaChangePushInfo#1024051763 {
                    groupId=0x00000000394C1735(961287989)
                    mediaType=0x00000001(1)
                    msgSeq=0x0005E4B0FEC1607B(1658823723016315)
                    msgType=0x0000000E(14)
                    operUin=0x0000000000002710(10000)
            }
            optUint64GroupCode=0x00000000394C1735(961287989)
            optUint64MsgExpires=0x0000000000000000(0)
            optUint64MsgTime=0x0000000000000000(0)
            optUint64SenderUin=0x0000000000000000(0)
            serviceType=0x00000011(17)
    }[0m
